CRITICAL - 2025-07-07 09:14:01 --> Error: Cannot use object of type stdClass as array
[Method: GET, Route: admin]
in APPPATH/Views/admin/main.php on line 46.
 1 SYSTEMPATH/View/View.php(224): include()
 2 SYSTEMPATH/View/View.php(227): CodeIgniter\View\View->CodeIgniter\View\{closure}()
 3 SYSTEMPATH/Router/RouteCollection.php(1149): CodeIgniter\View\View->render()
 4 SYSTEMPATH/CodeIgniter.php(875): CodeIgniter\Router\RouteCollection::CodeIgniter\Router\{closure}()
 5 SYSTEMPATH/CodeIgniter.php(494): CodeIgniter\CodeIgniter->startController()
 6 SYSTEMPATH/CodeIgniter.php(354): CodeIgniter\CodeIgniter->handleRequest()
 7 SYSTEMPATH/Boot.php(334): CodeIgniter\CodeIgniter->run()
 8 SYSTEMPATH/Boot.php(67): CodeIgniter\Boot::runCodeIgniter()
 9 FCPATH/index.php(56): CodeIgniter\Boot::bootWeb()
CRITICAL - 2025-07-07 09:18:09 --> ParseError: syntax error, unexpected token "<", expecting end of file
[Method: GET, Route: admin]
in APPPATH/Views/admin/main.php on line 13.
 1 SYSTEMPATH/View/View.php(227): CodeIgniter\View\View->CodeIgniter\View\{closure}()
 2 SYSTEMPATH/Router/RouteCollection.php(1149): CodeIgniter\View\View->render()
 3 SYSTEMPATH/CodeIgniter.php(875): CodeIgniter\Router\RouteCollection::CodeIgniter\Router\{closure}()
 4 SYSTEMPATH/CodeIgniter.php(494): CodeIgniter\CodeIgniter->startController()
 5 SYSTEMPATH/CodeIgniter.php(354): CodeIgniter\CodeIgniter->handleRequest()
 6 SYSTEMPATH/Boot.php(334): CodeIgniter\CodeIgniter->run()
 7 SYSTEMPATH/Boot.php(67): CodeIgniter\Boot::runCodeIgniter()
 8 FCPATH/index.php(56): CodeIgniter\Boot::bootWeb()
CRITICAL - 2025-07-07 09:18:33 --> ParseError: syntax error, unexpected token "<", expecting end of file
[Method: GET, Route: admin]
in APPPATH/Views/admin/main.php on line 13.
 1 SYSTEMPATH/View/View.php(227): CodeIgniter\View\View->CodeIgniter\View\{closure}()
 2 SYSTEMPATH/Router/RouteCollection.php(1149): CodeIgniter\View\View->render()
 3 SYSTEMPATH/CodeIgniter.php(875): CodeIgniter\Router\RouteCollection::CodeIgniter\Router\{closure}()
 4 SYSTEMPATH/CodeIgniter.php(494): CodeIgniter\CodeIgniter->startController()
 5 SYSTEMPATH/CodeIgniter.php(354): CodeIgniter\CodeIgniter->handleRequest()
 6 SYSTEMPATH/Boot.php(334): CodeIgniter\CodeIgniter->run()
 7 SYSTEMPATH/Boot.php(67): CodeIgniter\Boot::runCodeIgniter()
 8 FCPATH/index.php(56): CodeIgniter\Boot::bootWeb()
CRITICAL - 2025-07-07 09:23:02 --> ParseError: syntax error, unexpected token "<", expecting end of file
[Method: GET, Route: admin]
in APPPATH/Views/admin/main.php on line 13.
 1 SYSTEMPATH/View/View.php(227): CodeIgniter\View\View->CodeIgniter\View\{closure}()
 2 SYSTEMPATH/Router/RouteCollection.php(1149): CodeIgniter\View\View->render()
 3 SYSTEMPATH/CodeIgniter.php(875): CodeIgniter\Router\RouteCollection::CodeIgniter\Router\{closure}()
 4 SYSTEMPATH/CodeIgniter.php(494): CodeIgniter\CodeIgniter->startController()
 5 SYSTEMPATH/CodeIgniter.php(354): CodeIgniter\CodeIgniter->handleRequest()
 6 SYSTEMPATH/Boot.php(334): CodeIgniter\CodeIgniter->run()
 7 SYSTEMPATH/Boot.php(67): CodeIgniter\Boot::runCodeIgniter()
 8 FCPATH/index.php(56): CodeIgniter\Boot::bootWeb()
CRITICAL - 2025-07-07 09:43:41 --> ErrorException: Undefined variable $user
[Method: GET, Route: viewprofile]
in APPPATH/Views/form_profile.php on line 31.
 1 APPPATH/Views/form_profile.php(31): CodeIgniter\Debug\Exceptions->errorHandler()
 2 SYSTEMPATH/View/View.php(224): include('/www/wwwroot/078637.unisza.work/SissyDigitalCard/app/Views/form_profile.php')
 3 SYSTEMPATH/View/View.php(227): CodeIgniter\View\View->CodeIgniter\View\{closure}()
 4 SYSTEMPATH/Router/RouteCollection.php(1149): CodeIgniter\View\View->render()
 5 SYSTEMPATH/CodeIgniter.php(875): CodeIgniter\Router\RouteCollection::CodeIgniter\Router\{closure}()
 6 SYSTEMPATH/CodeIgniter.php(494): CodeIgniter\CodeIgniter->startController()
 7 SYSTEMPATH/CodeIgniter.php(354): CodeIgniter\CodeIgniter->handleRequest()
 8 SYSTEMPATH/Boot.php(334): CodeIgniter\CodeIgniter->run()
 9 SYSTEMPATH/Boot.php(67): CodeIgniter\Boot::runCodeIgniter()
10 FCPATH/index.php(56): CodeIgniter\Boot::bootWeb()
CRITICAL - 2025-07-07 10:46:26 --> Error: Call to a member function getClientName() on null
[Method: POST, Route: update_profile]
in APPPATH/Controllers/User.php on line 32.
 1 SYSTEMPATH/CodeIgniter.php(933): App\Controllers\User->UpdateProfile()
 2 SYSTEMPATH/CodeIgniter.php(507): CodeIgniter\CodeIgniter->runController()
 3 SYSTEMPATH/CodeIgniter.php(354): CodeIgniter\CodeIgniter->handleRequest()
 4 SYSTEMPATH/Boot.php(334): CodeIgniter\CodeIgniter->run()
 5 SYSTEMPATH/Boot.php(67): CodeIgniter\Boot::runCodeIgniter()
 6 FCPATH/index.php(56): CodeIgniter\Boot::bootWeb()
CRITICAL - 2025-07-07 10:48:28 --> ErrorException: Undefined variable $user
[Method: GET, Route: viewprofile]
in APPPATH/Views/form_profile.php on line 31.
 1 APPPATH/Views/form_profile.php(31): CodeIgniter\Debug\Exceptions->errorHandler()
 2 SYSTEMPATH/View/View.php(224): include('/www/wwwroot/078637.unisza.work/SissyDigitalCard/app/Views/form_profile.php')
 3 SYSTEMPATH/View/View.php(227): CodeIgniter\View\View->CodeIgniter\View\{closure}()
 4 SYSTEMPATH/Router/RouteCollection.php(1149): CodeIgniter\View\View->render()
 5 SYSTEMPATH/CodeIgniter.php(875): CodeIgniter\Router\RouteCollection::CodeIgniter\Router\{closure}()
 6 SYSTEMPATH/CodeIgniter.php(494): CodeIgniter\CodeIgniter->startController()
 7 SYSTEMPATH/CodeIgniter.php(354): CodeIgniter\CodeIgniter->handleRequest()
 8 SYSTEMPATH/Boot.php(334): CodeIgniter\CodeIgniter->run()
 9 SYSTEMPATH/Boot.php(67): CodeIgniter\Boot::runCodeIgniter()
10 FCPATH/index.php(56): CodeIgniter\Boot::bootWeb()
CRITICAL - 2025-07-07 11:01:57 --> CodeIgniter\View\Exceptions\ViewException: Invalid file: "layout/index.php"
[Method: GET, Route: about]
in SYSTEMPATH/Exceptions/FrameworkException.php on line 39.
 1 SYSTEMPATH/View/View.php(212): CodeIgniter\Exceptions\FrameworkException::forInvalidFile()
 2 SYSTEMPATH/View/View.php(240): CodeIgniter\View\View->render()
 3 SYSTEMPATH/Router/RouteCollection.php(1149): CodeIgniter\View\View->render()
 4 SYSTEMPATH/CodeIgniter.php(875): CodeIgniter\Router\RouteCollection::CodeIgniter\Router\{closure}()
 5 SYSTEMPATH/CodeIgniter.php(494): CodeIgniter\CodeIgniter->startController()
 6 SYSTEMPATH/CodeIgniter.php(354): CodeIgniter\CodeIgniter->handleRequest()
 7 SYSTEMPATH/Boot.php(334): CodeIgniter\CodeIgniter->run()
 8 SYSTEMPATH/Boot.php(67): CodeIgniter\Boot::runCodeIgniter()
 9 FCPATH/index.php(56): CodeIgniter\Boot::bootWeb()
