CRITICAL - 2025-07-05 07:54:52 --> CodeIgniter\View\Exceptions\ViewException: Invalid file: "index.php"
[Method: GET, Route: /]
in SYSTEMPATH/Exceptions/FrameworkException.php on line 39.
 1 SYSTEMPATH/View/View.php(212): CodeIgniter\Exceptions\FrameworkException::forInvalidFile()
 2 SYSTEMPATH/Router/RouteCollection.php(1149): CodeIgniter\View\View->render()
 3 SYSTEMPATH/CodeIgniter.php(875): CodeIgniter\Router\RouteCollection::CodeIgniter\Router\{closure}()
 4 SYSTEMPATH/CodeIgniter.php(494): CodeIgniter\CodeIgniter->startController()
 5 SYSTEMPATH/CodeIgniter.php(354): CodeIgniter\CodeIgniter->handleRequest()
 6 SYSTEMPATH/Boot.php(334): CodeIgniter\CodeIgniter->run()
 7 SYSTEMPATH/Boot.php(67): CodeIgniter\Boot::runCodeIgniter()
 8 FCPATH/index.php(56): CodeIgniter\Boot::bootWeb()
CRITICAL - 2025-07-05 08:05:57 --> CodeIgniter\View\Exceptions\ViewException: Invalid file: "index.php"
[Method: GET, Route: /]
in SYSTEMPATH/Exceptions/FrameworkException.php on line 39.
 1 SYSTEMPATH/View/View.php(212): CodeIgniter\Exceptions\FrameworkException::forInvalidFile()
 2 SYSTEMPATH/Router/RouteCollection.php(1149): CodeIgniter\View\View->render()
 3 SYSTEMPATH/CodeIgniter.php(875): CodeIgniter\Router\RouteCollection::CodeIgniter\Router\{closure}()
 4 SYSTEMPATH/CodeIgniter.php(494): CodeIgniter\CodeIgniter->startController()
 5 SYSTEMPATH/CodeIgniter.php(354): CodeIgniter\CodeIgniter->handleRequest()
 6 SYSTEMPATH/Boot.php(334): CodeIgniter\CodeIgniter->run()
 7 SYSTEMPATH/Boot.php(67): CodeIgniter\Boot::runCodeIgniter()
 8 FCPATH/index.php(56): CodeIgniter\Boot::bootWeb()
CRITICAL - 2025-07-05 08:06:34 --> CodeIgniter\View\Exceptions\ViewException: Invalid file: "index.php"
[Method: GET, Route: /]
in SYSTEMPATH/Exceptions/FrameworkException.php on line 39.
 1 SYSTEMPATH/View/View.php(212): CodeIgniter\Exceptions\FrameworkException::forInvalidFile()
 2 SYSTEMPATH/Router/RouteCollection.php(1149): CodeIgniter\View\View->render()
 3 SYSTEMPATH/CodeIgniter.php(875): CodeIgniter\Router\RouteCollection::CodeIgniter\Router\{closure}()
 4 SYSTEMPATH/CodeIgniter.php(494): CodeIgniter\CodeIgniter->startController()
 5 SYSTEMPATH/CodeIgniter.php(354): CodeIgniter\CodeIgniter->handleRequest()
 6 SYSTEMPATH/Boot.php(334): CodeIgniter\CodeIgniter->run()
 7 SYSTEMPATH/Boot.php(67): CodeIgniter\Boot::runCodeIgniter()
 8 FCPATH/index.php(56): CodeIgniter\Boot::bootWeb()
CRITICAL - 2025-07-05 08:07:03 --> CodeIgniter\View\Exceptions\ViewException: Invalid file: "index.php"
[Method: GET, Route: /]
in SYSTEMPATH/Exceptions/FrameworkException.php on line 39.
 1 SYSTEMPATH/View/View.php(212): CodeIgniter\Exceptions\FrameworkException::forInvalidFile()
 2 SYSTEMPATH/Router/RouteCollection.php(1149): CodeIgniter\View\View->render()
 3 SYSTEMPATH/CodeIgniter.php(875): CodeIgniter\Router\RouteCollection::CodeIgniter\Router\{closure}()
 4 SYSTEMPATH/CodeIgniter.php(494): CodeIgniter\CodeIgniter->startController()
 5 SYSTEMPATH/CodeIgniter.php(354): CodeIgniter\CodeIgniter->handleRequest()
 6 SYSTEMPATH/Boot.php(334): CodeIgniter\CodeIgniter->run()
 7 SYSTEMPATH/Boot.php(67): CodeIgniter\Boot::runCodeIgniter()
 8 FCPATH/index.php(56): CodeIgniter\Boot::bootWeb()
CRITICAL - 2025-07-05 09:24:05 --> CodeIgniter\View\Exceptions\ViewException: Invalid file: "index.php"
[Method: GET, Route: /]
in SYSTEMPATH/Exceptions/FrameworkException.php on line 39.
 1 SYSTEMPATH/View/View.php(212): CodeIgniter\Exceptions\FrameworkException::forInvalidFile()
 2 SYSTEMPATH/Router/RouteCollection.php(1149): CodeIgniter\View\View->render()
 3 SYSTEMPATH/CodeIgniter.php(875): CodeIgniter\Router\RouteCollection::CodeIgniter\Router\{closure}()
 4 SYSTEMPATH/CodeIgniter.php(494): CodeIgniter\CodeIgniter->startController()
 5 SYSTEMPATH/CodeIgniter.php(354): CodeIgniter\CodeIgniter->handleRequest()
 6 SYSTEMPATH/Boot.php(334): CodeIgniter\CodeIgniter->run()
 7 SYSTEMPATH/Boot.php(67): CodeIgniter\Boot::runCodeIgniter()
 8 FCPATH/index.php(56): CodeIgniter\Boot::bootWeb()
CRITICAL - 2025-07-05 15:00:47 --> ErrorException: Undefined variable $modelpengguna
[Method: POST, Route: login]
in APPPATH/Controllers/Auth.php on line 14.
 1 APPPATH/Controllers/Auth.php(14): CodeIgniter\Debug\Exceptions->errorHandler()
 2 SYSTEMPATH/CodeIgniter.php(933): App\Controllers\Auth->Login()
 3 SYSTEMPATH/CodeIgniter.php(507): CodeIgniter\CodeIgniter->runController()
 4 SYSTEMPATH/CodeIgniter.php(354): CodeIgniter\CodeIgniter->handleRequest()
 5 SYSTEMPATH/Boot.php(334): CodeIgniter\CodeIgniter->run()
 6 SYSTEMPATH/Boot.php(67): CodeIgniter\Boot::runCodeIgniter()
 7 FCPATH/index.php(56): CodeIgniter\Boot::bootWeb()
CRITICAL - 2025-07-05 15:18:42 --> ErrorException: Undefined variable $modelpengguna
[Method: POST, Route: login]
in APPPATH/Controllers/Auth.php on line 14.
 1 APPPATH/Controllers/Auth.php(14): CodeIgniter\Debug\Exceptions->errorHandler()
 2 SYSTEMPATH/CodeIgniter.php(933): App\Controllers\Auth->Login()
 3 SYSTEMPATH/CodeIgniter.php(507): CodeIgniter\CodeIgniter->runController()
 4 SYSTEMPATH/CodeIgniter.php(354): CodeIgniter\CodeIgniter->handleRequest()
 5 SYSTEMPATH/Boot.php(334): CodeIgniter\CodeIgniter->run()
 6 SYSTEMPATH/Boot.php(67): CodeIgniter\Boot::runCodeIgniter()
 7 FCPATH/index.php(56): CodeIgniter\Boot::bootWeb()
CRITICAL - 2025-07-05 18:19:04 --> ErrorException: include(db_connection.php): Failed to open stream: No such file or directory
[Method: GET, Route: admin]
in APPPATH/Views/admin/main.php on line 15.
 1 APPPATH/Views/admin/main.php(15): CodeIgniter\Debug\Exceptions->errorHandler()
 2 APPPATH/Views/admin/main.php(15): include()
 3 SYSTEMPATH/View/View.php(224): include('/www/wwwroot/078637.unisza.work/SissyDigitalCard/app/Views/admin/main.php')
 4 SYSTEMPATH/View/View.php(227): CodeIgniter\View\View->CodeIgniter\View\{closure}()
 5 SYSTEMPATH/Router/RouteCollection.php(1149): CodeIgniter\View\View->render()
 6 SYSTEMPATH/CodeIgniter.php(875): CodeIgniter\Router\RouteCollection::CodeIgniter\Router\{closure}()
 7 SYSTEMPATH/CodeIgniter.php(494): CodeIgniter\CodeIgniter->startController()
 8 SYSTEMPATH/CodeIgniter.php(354): CodeIgniter\CodeIgniter->handleRequest()
 9 SYSTEMPATH/Boot.php(334): CodeIgniter\CodeIgniter->run()
10 SYSTEMPATH/Boot.php(67): CodeIgniter\Boot::runCodeIgniter()
11 FCPATH/index.php(56): CodeIgniter\Boot::bootWeb()
CRITICAL - 2025-07-05 18:19:07 --> ErrorException: include(db_connection.php): Failed to open stream: No such file or directory
[Method: GET, Route: admin]
in APPPATH/Views/admin/main.php on line 15.
 1 APPPATH/Views/admin/main.php(15): CodeIgniter\Debug\Exceptions->errorHandler()
 2 APPPATH/Views/admin/main.php(15): include()
 3 SYSTEMPATH/View/View.php(224): include('/www/wwwroot/078637.unisza.work/SissyDigitalCard/app/Views/admin/main.php')
 4 SYSTEMPATH/View/View.php(227): CodeIgniter\View\View->CodeIgniter\View\{closure}()
 5 SYSTEMPATH/Router/RouteCollection.php(1149): CodeIgniter\View\View->render()
 6 SYSTEMPATH/CodeIgniter.php(875): CodeIgniter\Router\RouteCollection::CodeIgniter\Router\{closure}()
 7 SYSTEMPATH/CodeIgniter.php(494): CodeIgniter\CodeIgniter->startController()
 8 SYSTEMPATH/CodeIgniter.php(354): CodeIgniter\CodeIgniter->handleRequest()
 9 SYSTEMPATH/Boot.php(334): CodeIgniter\CodeIgniter->run()
10 SYSTEMPATH/Boot.php(67): CodeIgniter\Boot::runCodeIgniter()
11 FCPATH/index.php(56): CodeIgniter\Boot::bootWeb()
CRITICAL - 2025-07-05 18:19:26 --> ErrorException: include(db_connection.php): Failed to open stream: No such file or directory
[Method: GET, Route: admin]
in APPPATH/Views/admin/main.php on line 15.
 1 APPPATH/Views/admin/main.php(15): CodeIgniter\Debug\Exceptions->errorHandler()
 2 APPPATH/Views/admin/main.php(15): include()
 3 SYSTEMPATH/View/View.php(224): include('/www/wwwroot/078637.unisza.work/SissyDigitalCard/app/Views/admin/main.php')
 4 SYSTEMPATH/View/View.php(227): CodeIgniter\View\View->CodeIgniter\View\{closure}()
 5 SYSTEMPATH/Router/RouteCollection.php(1149): CodeIgniter\View\View->render()
 6 SYSTEMPATH/CodeIgniter.php(875): CodeIgniter\Router\RouteCollection::CodeIgniter\Router\{closure}()
 7 SYSTEMPATH/CodeIgniter.php(494): CodeIgniter\CodeIgniter->startController()
 8 SYSTEMPATH/CodeIgniter.php(354): CodeIgniter\CodeIgniter->handleRequest()
 9 SYSTEMPATH/Boot.php(334): CodeIgniter\CodeIgniter->run()
10 SYSTEMPATH/Boot.php(67): CodeIgniter\Boot::runCodeIgniter()
11 FCPATH/index.php(56): CodeIgniter\Boot::bootWeb()
CRITICAL - 2025-07-05 18:20:09 --> ErrorException: Undefined variable $conn
[Method: GET, Route: admin]
in APPPATH/Views/admin/main.php on line 28.
 1 APPPATH/Views/admin/main.php(28): CodeIgniter\Debug\Exceptions->errorHandler()
 2 SYSTEMPATH/View/View.php(224): include('/www/wwwroot/078637.unisza.work/SissyDigitalCard/app/Views/admin/main.php')
 3 SYSTEMPATH/View/View.php(227): CodeIgniter\View\View->CodeIgniter\View\{closure}()
 4 SYSTEMPATH/Router/RouteCollection.php(1149): CodeIgniter\View\View->render()
 5 SYSTEMPATH/CodeIgniter.php(875): CodeIgniter\Router\RouteCollection::CodeIgniter\Router\{closure}()
 6 SYSTEMPATH/CodeIgniter.php(494): CodeIgniter\CodeIgniter->startController()
 7 SYSTEMPATH/CodeIgniter.php(354): CodeIgniter\CodeIgniter->handleRequest()
 8 SYSTEMPATH/Boot.php(334): CodeIgniter\CodeIgniter->run()
 9 SYSTEMPATH/Boot.php(67): CodeIgniter\Boot::runCodeIgniter()
10 FCPATH/index.php(56): CodeIgniter\Boot::bootWeb()
CRITICAL - 2025-07-05 18:21:08 --> ErrorException: Undefined variable $result
[Method: GET, Route: admin]
in APPPATH/Views/admin/main.php on line 49.
 1 APPPATH/Views/admin/main.php(49): CodeIgniter\Debug\Exceptions->errorHandler()
 2 SYSTEMPATH/View/View.php(224): include('/www/wwwroot/078637.unisza.work/SissyDigitalCard/app/Views/admin/main.php')
 3 SYSTEMPATH/View/View.php(227): CodeIgniter\View\View->CodeIgniter\View\{closure}()
 4 SYSTEMPATH/Router/RouteCollection.php(1149): CodeIgniter\View\View->render()
 5 SYSTEMPATH/CodeIgniter.php(875): CodeIgniter\Router\RouteCollection::CodeIgniter\Router\{closure}()
 6 SYSTEMPATH/CodeIgniter.php(494): CodeIgniter\CodeIgniter->startController()
 7 SYSTEMPATH/CodeIgniter.php(354): CodeIgniter\CodeIgniter->handleRequest()
 8 SYSTEMPATH/Boot.php(334): CodeIgniter\CodeIgniter->run()
 9 SYSTEMPATH/Boot.php(67): CodeIgniter\Boot::runCodeIgniter()
10 FCPATH/index.php(56): CodeIgniter\Boot::bootWeb()
