CRITICAL - 2025-05-25 04:36:37 --> CodeIgniter\View\Exceptions\ViewException: Invalid file: "employee.php"
[Method: GET, Route: list]
in SYSTEMPATH/Exceptions/FrameworkException.php on line 39.
 1 SYSTEMPATH/View/View.php(212): CodeIgniter\Exceptions\FrameworkException::forInvalidFile()
 2 SYSTEMPATH/Common.php(1173): CodeIgniter\View\View->render()
 3 APPPATH/Config/Routes.php(10): view()
 4 SYSTEMPATH/CodeIgniter.php(875): CodeIgniter\Router\RouteCollection->{closure}()
 5 SYSTEMPATH/CodeIgniter.php(494): CodeIgniter\CodeIgniter->startController()
 6 SYSTEMPATH/CodeIgniter.php(354): CodeIgniter\CodeIgniter->handleRequest()
 7 SYSTEMPATH/Boot.php(334): CodeIgniter\CodeIgniter->run()
 8 SYSTEMPATH/Boot.php(67): CodeIgniter\Boot::runCodeIgniter()
 9 FCPATH/index.php(56): CodeIgniter\Boot::bootWeb()
CRITICAL - 2025-05-25 04:38:07 --> CodeIgniter\View\Exceptions\ViewException: Invalid file: "employee.php"
[Method: GET, Route: list]
in SYSTEMPATH/Exceptions/FrameworkException.php on line 39.
 1 SYSTEMPATH/View/View.php(212): CodeIgniter\Exceptions\FrameworkException::forInvalidFile()
 2 SYSTEMPATH/Common.php(1173): CodeIgniter\View\View->render()
 3 APPPATH/Config/Routes.php(10): view()
 4 SYSTEMPATH/CodeIgniter.php(875): CodeIgniter\Router\RouteCollection->{closure}()
 5 SYSTEMPATH/CodeIgniter.php(494): CodeIgniter\CodeIgniter->startController()
 6 SYSTEMPATH/CodeIgniter.php(354): CodeIgniter\CodeIgniter->handleRequest()
 7 SYSTEMPATH/Boot.php(334): CodeIgniter\CodeIgniter->run()
 8 SYSTEMPATH/Boot.php(67): CodeIgniter\Boot::runCodeIgniter()
 9 FCPATH/index.php(56): CodeIgniter\Boot::bootWeb()
CRITICAL - 2025-05-25 04:38:08 --> CodeIgniter\View\Exceptions\ViewException: Invalid file: "employee.php"
[Method: GET, Route: list]
in SYSTEMPATH/Exceptions/FrameworkException.php on line 39.
 1 SYSTEMPATH/View/View.php(212): CodeIgniter\Exceptions\FrameworkException::forInvalidFile()
 2 SYSTEMPATH/Common.php(1173): CodeIgniter\View\View->render()
 3 APPPATH/Config/Routes.php(10): view()
 4 SYSTEMPATH/CodeIgniter.php(875): CodeIgniter\Router\RouteCollection->{closure}()
 5 SYSTEMPATH/CodeIgniter.php(494): CodeIgniter\CodeIgniter->startController()
 6 SYSTEMPATH/CodeIgniter.php(354): CodeIgniter\CodeIgniter->handleRequest()
 7 SYSTEMPATH/Boot.php(334): CodeIgniter\CodeIgniter->run()
 8 SYSTEMPATH/Boot.php(67): CodeIgniter\Boot::runCodeIgniter()
 9 FCPATH/index.php(56): CodeIgniter\Boot::bootWeb()
CRITICAL - 2025-05-25 04:38:09 --> CodeIgniter\View\Exceptions\ViewException: Invalid file: "employee.php"
[Method: GET, Route: list]
in SYSTEMPATH/Exceptions/FrameworkException.php on line 39.
 1 SYSTEMPATH/View/View.php(212): CodeIgniter\Exceptions\FrameworkException::forInvalidFile()
 2 SYSTEMPATH/Common.php(1173): CodeIgniter\View\View->render()
 3 APPPATH/Config/Routes.php(10): view()
 4 SYSTEMPATH/CodeIgniter.php(875): CodeIgniter\Router\RouteCollection->{closure}()
 5 SYSTEMPATH/CodeIgniter.php(494): CodeIgniter\CodeIgniter->startController()
 6 SYSTEMPATH/CodeIgniter.php(354): CodeIgniter\CodeIgniter->handleRequest()
 7 SYSTEMPATH/Boot.php(334): CodeIgniter\CodeIgniter->run()
 8 SYSTEMPATH/Boot.php(67): CodeIgniter\Boot::runCodeIgniter()
 9 FCPATH/index.php(56): CodeIgniter\Boot::bootWeb()
CRITICAL - 2025-05-25 04:43:29 --> Error: Call to undefined function new\App\Models\ModelEmployee()
[Method: GET, Route: list]
in APPPATH/Views/employee.php on line 4.
 1 SYSTEMPATH/View/View.php(224): include()
 2 SYSTEMPATH/View/View.php(227): CodeIgniter\View\View->CodeIgniter\View\{closure}()
 3 SYSTEMPATH/Common.php(1173): CodeIgniter\View\View->render()
 4 APPPATH/Config/Routes.php(10): view()
 5 SYSTEMPATH/CodeIgniter.php(875): CodeIgniter\Router\RouteCollection->{closure}()
 6 SYSTEMPATH/CodeIgniter.php(494): CodeIgniter\CodeIgniter->startController()
 7 SYSTEMPATH/CodeIgniter.php(354): CodeIgniter\CodeIgniter->handleRequest()
 8 SYSTEMPATH/Boot.php(334): CodeIgniter\CodeIgniter->run()
 9 SYSTEMPATH/Boot.php(67): CodeIgniter\Boot::runCodeIgniter()
10 FCPATH/index.php(56): CodeIgniter\Boot::bootWeb()
CRITICAL - 2025-05-25 04:46:18 --> Error: Call to undefined function new\App\Models\ModelEmployee()
[Method: GET, Route: list]
in APPPATH/Views/employee.php on line 4.
 1 SYSTEMPATH/View/View.php(224): include()
 2 SYSTEMPATH/View/View.php(227): CodeIgniter\View\View->CodeIgniter\View\{closure}()
 3 SYSTEMPATH/Common.php(1173): CodeIgniter\View\View->render()
 4 APPPATH/Config/Routes.php(10): view()
 5 SYSTEMPATH/CodeIgniter.php(875): CodeIgniter\Router\RouteCollection->{closure}()
 6 SYSTEMPATH/CodeIgniter.php(494): CodeIgniter\CodeIgniter->startController()
 7 SYSTEMPATH/CodeIgniter.php(354): CodeIgniter\CodeIgniter->handleRequest()
 8 SYSTEMPATH/Boot.php(334): CodeIgniter\CodeIgniter->run()
 9 SYSTEMPATH/Boot.php(67): CodeIgniter\Boot::runCodeIgniter()
10 FCPATH/index.php(56): CodeIgniter\Boot::bootWeb()
ERROR - 2025-05-25 04:57:08 --> Error connecting to the database: mysqli_sql_exception: Access denied for user ''@'localhost' (using password: NO) in /www/wwwroot/078637.unisza.work/ci4Lab2/system/Database/MySQLi/Connection.php:201
Stack trace:
#0 /www/wwwroot/078637.unisza.work/ci4Lab2/system/Database/MySQLi/Connection.php(201): mysqli->real_connect()
#1 /www/wwwroot/078637.unisza.work/ci4Lab2/system/Database/BaseConnection.php(421): CodeIgniter\Database\MySQLi\Connection->connect()
#2 /www/wwwroot/078637.unisza.work/ci4Lab2/system/Database/BaseConnection.php(620): CodeIgniter\Database\BaseConnection->initialize()
#3 /www/wwwroot/078637.unisza.work/ci4Lab2/system/Database/BaseBuilder.php(1649): CodeIgniter\Database\BaseConnection->query()
#4 /www/wwwroot/078637.unisza.work/ci4Lab2/system/Model.php(286): CodeIgniter\Database\BaseBuilder->get()
#5 /www/wwwroot/078637.unisza.work/ci4Lab2/system/BaseModel.php(675): CodeIgniter\Model->doFindAll()
#6 /www/wwwroot/078637.unisza.work/ci4Lab2/app/Views/employee.php(4): CodeIgniter\BaseModel->findAll()
#7 /www/wwwroot/078637.unisza.work/ci4Lab2/system/View/View.php(224): include('...')
#8 /www/wwwroot/078637.unisza.work/ci4Lab2/system/View/View.php(227): CodeIgniter\View\View->CodeIgniter\View\{closure}()
#9 /www/wwwroot/078637.unisza.work/ci4Lab2/system/Common.php(1173): CodeIgniter\View\View->render()
#10 /www/wwwroot/078637.unisza.work/ci4Lab2/app/Config/Routes.php(10): view()
#11 /www/wwwroot/078637.unisza.work/ci4Lab2/system/CodeIgniter.php(875): CodeIgniter\Router\RouteCollection->{closure}()
#12 /www/wwwroot/078637.unisza.work/ci4Lab2/system/CodeIgniter.php(494): CodeIgniter\CodeIgniter->startController()
#13 /www/wwwroot/078637.unisza.work/ci4Lab2/system/CodeIgniter.php(354): CodeIgniter\CodeIgniter->handleRequest()
#14 /www/wwwroot/078637.unisza.work/ci4Lab2/system/Boot.php(334): CodeIgniter\CodeIgniter->run()
#15 /www/wwwroot/078637.unisza.work/ci4Lab2/system/Boot.php(67): CodeIgniter\Boot::runCodeIgniter()
#16 /www/wwwroot/078637.unisza.work/ci4Lab2/public/index.php(56): CodeIgniter\Boot::bootWeb()
#17 {main}

Next CodeIgniter\Database\Exceptions\DatabaseException: Access denied for user ''@'localhost' (using password: NO) in /www/wwwroot/078637.unisza.work/ci4Lab2/system/Database/MySQLi/Connection.php:246
Stack trace:
#0 /www/wwwroot/078637.unisza.work/ci4Lab2/system/Database/BaseConnection.php(421): CodeIgniter\Database\MySQLi\Connection->connect()
#1 /www/wwwroot/078637.unisza.work/ci4Lab2/system/Database/BaseConnection.php(620): CodeIgniter\Database\BaseConnection->initialize()
#2 /www/wwwroot/078637.unisza.work/ci4Lab2/system/Database/BaseBuilder.php(1649): CodeIgniter\Database\BaseConnection->query()
#3 /www/wwwroot/078637.unisza.work/ci4Lab2/system/Model.php(286): CodeIgniter\Database\BaseBuilder->get()
#4 /www/wwwroot/078637.unisza.work/ci4Lab2/system/BaseModel.php(675): CodeIgniter\Model->doFindAll()
#5 /www/wwwroot/078637.unisza.work/ci4Lab2/app/Views/employee.php(4): CodeIgniter\BaseModel->findAll()
#6 /www/wwwroot/078637.unisza.work/ci4Lab2/system/View/View.php(224): include('...')
#7 /www/wwwroot/078637.unisza.work/ci4Lab2/system/View/View.php(227): CodeIgniter\View\View->CodeIgniter\View\{closure}()
#8 /www/wwwroot/078637.unisza.work/ci4Lab2/system/Common.php(1173): CodeIgniter\View\View->render()
#9 /www/wwwroot/078637.unisza.work/ci4Lab2/app/Config/Routes.php(10): view()
#10 /www/wwwroot/078637.unisza.work/ci4Lab2/system/CodeIgniter.php(875): CodeIgniter\Router\RouteCollection->{closure}()
#11 /www/wwwroot/078637.unisza.work/ci4Lab2/system/CodeIgniter.php(494): CodeIgniter\CodeIgniter->startController()
#12 /www/wwwroot/078637.unisza.work/ci4Lab2/system/CodeIgniter.php(354): CodeIgniter\CodeIgniter->handleRequest()
#13 /www/wwwroot/078637.unisza.work/ci4Lab2/system/Boot.php(334): CodeIgniter\CodeIgniter->run()
#14 /www/wwwroot/078637.unisza.work/ci4Lab2/system/Boot.php(67): CodeIgniter\Boot::runCodeIgniter()
#15 /www/wwwroot/078637.unisza.work/ci4Lab2/public/index.php(56): CodeIgniter\Boot::bootWeb()
#16 {main}
CRITICAL - 2025-05-25 04:57:08 --> CodeIgniter\Database\Exceptions\DatabaseException: Unable to connect to the database.
Main connection [MySQLi]: Access denied for user ''@'localhost' (using password: NO)
[Method: GET, Route: list]
in SYSTEMPATH/Database/BaseConnection.php on line 467.
 1 SYSTEMPATH/Database/BaseConnection.php(620): CodeIgniter\Database\BaseConnection->initialize()
 2 SYSTEMPATH/Database/BaseBuilder.php(1649): CodeIgniter\Database\BaseConnection->query()
 3 SYSTEMPATH/Model.php(286): CodeIgniter\Database\BaseBuilder->get()
 4 SYSTEMPATH/BaseModel.php(675): CodeIgniter\Model->doFindAll()
 5 APPPATH/Views/employee.php(4): CodeIgniter\BaseModel->findAll()
 6 SYSTEMPATH/View/View.php(224): include('/www/wwwroot/078637.unisza.work/ci4Lab2/app/Views/employee.php')
 7 SYSTEMPATH/View/View.php(227): CodeIgniter\View\View->CodeIgniter\View\{closure}()
 8 SYSTEMPATH/Common.php(1173): CodeIgniter\View\View->render()
 9 APPPATH/Config/Routes.php(10): view()
10 SYSTEMPATH/CodeIgniter.php(875): CodeIgniter\Router\RouteCollection->{closure}()
11 SYSTEMPATH/CodeIgniter.php(494): CodeIgniter\CodeIgniter->startController()
12 SYSTEMPATH/CodeIgniter.php(354): CodeIgniter\CodeIgniter->handleRequest()
13 SYSTEMPATH/Boot.php(334): CodeIgniter\CodeIgniter->run()
14 SYSTEMPATH/Boot.php(67): CodeIgniter\Boot::runCodeIgniter()
15 FCPATH/index.php(56): CodeIgniter\Boot::bootWeb()
ERROR - 2025-05-25 04:58:01 --> Error connecting to the database: mysqli_sql_exception: Access denied for user ''@'localhost' (using password: NO) in /www/wwwroot/078637.unisza.work/ci4Lab2/system/Database/MySQLi/Connection.php:201
Stack trace:
#0 /www/wwwroot/078637.unisza.work/ci4Lab2/system/Database/MySQLi/Connection.php(201): mysqli->real_connect()
#1 /www/wwwroot/078637.unisza.work/ci4Lab2/system/Database/BaseConnection.php(421): CodeIgniter\Database\MySQLi\Connection->connect()
#2 /www/wwwroot/078637.unisza.work/ci4Lab2/system/Database/BaseConnection.php(620): CodeIgniter\Database\BaseConnection->initialize()
#3 /www/wwwroot/078637.unisza.work/ci4Lab2/system/Database/BaseBuilder.php(1649): CodeIgniter\Database\BaseConnection->query()
#4 /www/wwwroot/078637.unisza.work/ci4Lab2/system/Model.php(286): CodeIgniter\Database\BaseBuilder->get()
#5 /www/wwwroot/078637.unisza.work/ci4Lab2/system/BaseModel.php(675): CodeIgniter\Model->doFindAll()
#6 /www/wwwroot/078637.unisza.work/ci4Lab2/app/Views/employee.php(4): CodeIgniter\BaseModel->findAll()
#7 /www/wwwroot/078637.unisza.work/ci4Lab2/system/View/View.php(224): include('...')
#8 /www/wwwroot/078637.unisza.work/ci4Lab2/system/View/View.php(227): CodeIgniter\View\View->CodeIgniter\View\{closure}()
#9 /www/wwwroot/078637.unisza.work/ci4Lab2/system/Common.php(1173): CodeIgniter\View\View->render()
#10 /www/wwwroot/078637.unisza.work/ci4Lab2/app/Config/Routes.php(10): view()
#11 /www/wwwroot/078637.unisza.work/ci4Lab2/system/CodeIgniter.php(875): CodeIgniter\Router\RouteCollection->{closure}()
#12 /www/wwwroot/078637.unisza.work/ci4Lab2/system/CodeIgniter.php(494): CodeIgniter\CodeIgniter->startController()
#13 /www/wwwroot/078637.unisza.work/ci4Lab2/system/CodeIgniter.php(354): CodeIgniter\CodeIgniter->handleRequest()
#14 /www/wwwroot/078637.unisza.work/ci4Lab2/system/Boot.php(334): CodeIgniter\CodeIgniter->run()
#15 /www/wwwroot/078637.unisza.work/ci4Lab2/system/Boot.php(67): CodeIgniter\Boot::runCodeIgniter()
#16 /www/wwwroot/078637.unisza.work/ci4Lab2/public/index.php(56): CodeIgniter\Boot::bootWeb()
#17 {main}

Next CodeIgniter\Database\Exceptions\DatabaseException: Access denied for user ''@'localhost' (using password: NO) in /www/wwwroot/078637.unisza.work/ci4Lab2/system/Database/MySQLi/Connection.php:246
Stack trace:
#0 /www/wwwroot/078637.unisza.work/ci4Lab2/system/Database/BaseConnection.php(421): CodeIgniter\Database\MySQLi\Connection->connect()
#1 /www/wwwroot/078637.unisza.work/ci4Lab2/system/Database/BaseConnection.php(620): CodeIgniter\Database\BaseConnection->initialize()
#2 /www/wwwroot/078637.unisza.work/ci4Lab2/system/Database/BaseBuilder.php(1649): CodeIgniter\Database\BaseConnection->query()
#3 /www/wwwroot/078637.unisza.work/ci4Lab2/system/Model.php(286): CodeIgniter\Database\BaseBuilder->get()
#4 /www/wwwroot/078637.unisza.work/ci4Lab2/system/BaseModel.php(675): CodeIgniter\Model->doFindAll()
#5 /www/wwwroot/078637.unisza.work/ci4Lab2/app/Views/employee.php(4): CodeIgniter\BaseModel->findAll()
#6 /www/wwwroot/078637.unisza.work/ci4Lab2/system/View/View.php(224): include('...')
#7 /www/wwwroot/078637.unisza.work/ci4Lab2/system/View/View.php(227): CodeIgniter\View\View->CodeIgniter\View\{closure}()
#8 /www/wwwroot/078637.unisza.work/ci4Lab2/system/Common.php(1173): CodeIgniter\View\View->render()
#9 /www/wwwroot/078637.unisza.work/ci4Lab2/app/Config/Routes.php(10): view()
#10 /www/wwwroot/078637.unisza.work/ci4Lab2/system/CodeIgniter.php(875): CodeIgniter\Router\RouteCollection->{closure}()
#11 /www/wwwroot/078637.unisza.work/ci4Lab2/system/CodeIgniter.php(494): CodeIgniter\CodeIgniter->startController()
#12 /www/wwwroot/078637.unisza.work/ci4Lab2/system/CodeIgniter.php(354): CodeIgniter\CodeIgniter->handleRequest()
#13 /www/wwwroot/078637.unisza.work/ci4Lab2/system/Boot.php(334): CodeIgniter\CodeIgniter->run()
#14 /www/wwwroot/078637.unisza.work/ci4Lab2/system/Boot.php(67): CodeIgniter\Boot::runCodeIgniter()
#15 /www/wwwroot/078637.unisza.work/ci4Lab2/public/index.php(56): CodeIgniter\Boot::bootWeb()
#16 {main}
CRITICAL - 2025-05-25 04:58:01 --> CodeIgniter\Database\Exceptions\DatabaseException: Unable to connect to the database.
Main connection [MySQLi]: Access denied for user ''@'localhost' (using password: NO)
[Method: GET, Route: list]
in SYSTEMPATH/Database/BaseConnection.php on line 467.
 1 SYSTEMPATH/Database/BaseConnection.php(620): CodeIgniter\Database\BaseConnection->initialize()
 2 SYSTEMPATH/Database/BaseBuilder.php(1649): CodeIgniter\Database\BaseConnection->query()
 3 SYSTEMPATH/Model.php(286): CodeIgniter\Database\BaseBuilder->get()
 4 SYSTEMPATH/BaseModel.php(675): CodeIgniter\Model->doFindAll()
 5 APPPATH/Views/employee.php(4): CodeIgniter\BaseModel->findAll()
 6 SYSTEMPATH/View/View.php(224): include('/www/wwwroot/078637.unisza.work/ci4Lab2/app/Views/employee.php')
 7 SYSTEMPATH/View/View.php(227): CodeIgniter\View\View->CodeIgniter\View\{closure}()
 8 SYSTEMPATH/Common.php(1173): CodeIgniter\View\View->render()
 9 APPPATH/Config/Routes.php(10): view()
10 SYSTEMPATH/CodeIgniter.php(875): CodeIgniter\Router\RouteCollection->{closure}()
11 SYSTEMPATH/CodeIgniter.php(494): CodeIgniter\CodeIgniter->startController()
12 SYSTEMPATH/CodeIgniter.php(354): CodeIgniter\CodeIgniter->handleRequest()
13 SYSTEMPATH/Boot.php(334): CodeIgniter\CodeIgniter->run()
14 SYSTEMPATH/Boot.php(67): CodeIgniter\Boot::runCodeIgniter()
15 FCPATH/index.php(56): CodeIgniter\Boot::bootWeb()
ERROR - 2025-05-25 04:58:02 --> Error connecting to the database: mysqli_sql_exception: Access denied for user ''@'localhost' (using password: NO) in /www/wwwroot/078637.unisza.work/ci4Lab2/system/Database/MySQLi/Connection.php:201
Stack trace:
#0 /www/wwwroot/078637.unisza.work/ci4Lab2/system/Database/MySQLi/Connection.php(201): mysqli->real_connect()
#1 /www/wwwroot/078637.unisza.work/ci4Lab2/system/Database/BaseConnection.php(421): CodeIgniter\Database\MySQLi\Connection->connect()
#2 /www/wwwroot/078637.unisza.work/ci4Lab2/system/Database/BaseConnection.php(620): CodeIgniter\Database\BaseConnection->initialize()
#3 /www/wwwroot/078637.unisza.work/ci4Lab2/system/Database/BaseBuilder.php(1649): CodeIgniter\Database\BaseConnection->query()
#4 /www/wwwroot/078637.unisza.work/ci4Lab2/system/Model.php(286): CodeIgniter\Database\BaseBuilder->get()
#5 /www/wwwroot/078637.unisza.work/ci4Lab2/system/BaseModel.php(675): CodeIgniter\Model->doFindAll()
#6 /www/wwwroot/078637.unisza.work/ci4Lab2/app/Views/employee.php(4): CodeIgniter\BaseModel->findAll()
#7 /www/wwwroot/078637.unisza.work/ci4Lab2/system/View/View.php(224): include('...')
#8 /www/wwwroot/078637.unisza.work/ci4Lab2/system/View/View.php(227): CodeIgniter\View\View->CodeIgniter\View\{closure}()
#9 /www/wwwroot/078637.unisza.work/ci4Lab2/system/Common.php(1173): CodeIgniter\View\View->render()
#10 /www/wwwroot/078637.unisza.work/ci4Lab2/app/Config/Routes.php(10): view()
#11 /www/wwwroot/078637.unisza.work/ci4Lab2/system/CodeIgniter.php(875): CodeIgniter\Router\RouteCollection->{closure}()
#12 /www/wwwroot/078637.unisza.work/ci4Lab2/system/CodeIgniter.php(494): CodeIgniter\CodeIgniter->startController()
#13 /www/wwwroot/078637.unisza.work/ci4Lab2/system/CodeIgniter.php(354): CodeIgniter\CodeIgniter->handleRequest()
#14 /www/wwwroot/078637.unisza.work/ci4Lab2/system/Boot.php(334): CodeIgniter\CodeIgniter->run()
#15 /www/wwwroot/078637.unisza.work/ci4Lab2/system/Boot.php(67): CodeIgniter\Boot::runCodeIgniter()
#16 /www/wwwroot/078637.unisza.work/ci4Lab2/public/index.php(56): CodeIgniter\Boot::bootWeb()
#17 {main}

Next CodeIgniter\Database\Exceptions\DatabaseException: Access denied for user ''@'localhost' (using password: NO) in /www/wwwroot/078637.unisza.work/ci4Lab2/system/Database/MySQLi/Connection.php:246
Stack trace:
#0 /www/wwwroot/078637.unisza.work/ci4Lab2/system/Database/BaseConnection.php(421): CodeIgniter\Database\MySQLi\Connection->connect()
#1 /www/wwwroot/078637.unisza.work/ci4Lab2/system/Database/BaseConnection.php(620): CodeIgniter\Database\BaseConnection->initialize()
#2 /www/wwwroot/078637.unisza.work/ci4Lab2/system/Database/BaseBuilder.php(1649): CodeIgniter\Database\BaseConnection->query()
#3 /www/wwwroot/078637.unisza.work/ci4Lab2/system/Model.php(286): CodeIgniter\Database\BaseBuilder->get()
#4 /www/wwwroot/078637.unisza.work/ci4Lab2/system/BaseModel.php(675): CodeIgniter\Model->doFindAll()
#5 /www/wwwroot/078637.unisza.work/ci4Lab2/app/Views/employee.php(4): CodeIgniter\BaseModel->findAll()
#6 /www/wwwroot/078637.unisza.work/ci4Lab2/system/View/View.php(224): include('...')
#7 /www/wwwroot/078637.unisza.work/ci4Lab2/system/View/View.php(227): CodeIgniter\View\View->CodeIgniter\View\{closure}()
#8 /www/wwwroot/078637.unisza.work/ci4Lab2/system/Common.php(1173): CodeIgniter\View\View->render()
#9 /www/wwwroot/078637.unisza.work/ci4Lab2/app/Config/Routes.php(10): view()
#10 /www/wwwroot/078637.unisza.work/ci4Lab2/system/CodeIgniter.php(875): CodeIgniter\Router\RouteCollection->{closure}()
#11 /www/wwwroot/078637.unisza.work/ci4Lab2/system/CodeIgniter.php(494): CodeIgniter\CodeIgniter->startController()
#12 /www/wwwroot/078637.unisza.work/ci4Lab2/system/CodeIgniter.php(354): CodeIgniter\CodeIgniter->handleRequest()
#13 /www/wwwroot/078637.unisza.work/ci4Lab2/system/Boot.php(334): CodeIgniter\CodeIgniter->run()
#14 /www/wwwroot/078637.unisza.work/ci4Lab2/system/Boot.php(67): CodeIgniter\Boot::runCodeIgniter()
#15 /www/wwwroot/078637.unisza.work/ci4Lab2/public/index.php(56): CodeIgniter\Boot::bootWeb()
#16 {main}
CRITICAL - 2025-05-25 04:58:02 --> CodeIgniter\Database\Exceptions\DatabaseException: Unable to connect to the database.
Main connection [MySQLi]: Access denied for user ''@'localhost' (using password: NO)
[Method: GET, Route: list]
in SYSTEMPATH/Database/BaseConnection.php on line 467.
 1 SYSTEMPATH/Database/BaseConnection.php(620): CodeIgniter\Database\BaseConnection->initialize()
 2 SYSTEMPATH/Database/BaseBuilder.php(1649): CodeIgniter\Database\BaseConnection->query()
 3 SYSTEMPATH/Model.php(286): CodeIgniter\Database\BaseBuilder->get()
 4 SYSTEMPATH/BaseModel.php(675): CodeIgniter\Model->doFindAll()
 5 APPPATH/Views/employee.php(4): CodeIgniter\BaseModel->findAll()
 6 SYSTEMPATH/View/View.php(224): include('/www/wwwroot/078637.unisza.work/ci4Lab2/app/Views/employee.php')
 7 SYSTEMPATH/View/View.php(227): CodeIgniter\View\View->CodeIgniter\View\{closure}()
 8 SYSTEMPATH/Common.php(1173): CodeIgniter\View\View->render()
 9 APPPATH/Config/Routes.php(10): view()
10 SYSTEMPATH/CodeIgniter.php(875): CodeIgniter\Router\RouteCollection->{closure}()
11 SYSTEMPATH/CodeIgniter.php(494): CodeIgniter\CodeIgniter->startController()
12 SYSTEMPATH/CodeIgniter.php(354): CodeIgniter\CodeIgniter->handleRequest()
13 SYSTEMPATH/Boot.php(334): CodeIgniter\CodeIgniter->run()
14 SYSTEMPATH/Boot.php(67): CodeIgniter\Boot::runCodeIgniter()
15 FCPATH/index.php(56): CodeIgniter\Boot::bootWeb()
ERROR - 2025-05-25 05:05:32 --> Error connecting to the database: mysqli_sql_exception: Access denied for user ''@'localhost' (using password: NO) in /www/wwwroot/078637.unisza.work/ci4Lab2/system/Database/MySQLi/Connection.php:201
Stack trace:
#0 /www/wwwroot/078637.unisza.work/ci4Lab2/system/Database/MySQLi/Connection.php(201): mysqli->real_connect()
#1 /www/wwwroot/078637.unisza.work/ci4Lab2/system/Database/BaseConnection.php(421): CodeIgniter\Database\MySQLi\Connection->connect()
#2 /www/wwwroot/078637.unisza.work/ci4Lab2/system/Database/BaseConnection.php(620): CodeIgniter\Database\BaseConnection->initialize()
#3 /www/wwwroot/078637.unisza.work/ci4Lab2/system/Database/BaseBuilder.php(1649): CodeIgniter\Database\BaseConnection->query()
#4 /www/wwwroot/078637.unisza.work/ci4Lab2/system/Model.php(286): CodeIgniter\Database\BaseBuilder->get()
#5 /www/wwwroot/078637.unisza.work/ci4Lab2/system/BaseModel.php(675): CodeIgniter\Model->doFindAll()
#6 /www/wwwroot/078637.unisza.work/ci4Lab2/app/Views/employee.php(4): CodeIgniter\BaseModel->findAll()
#7 /www/wwwroot/078637.unisza.work/ci4Lab2/system/View/View.php(224): include('...')
#8 /www/wwwroot/078637.unisza.work/ci4Lab2/system/View/View.php(227): CodeIgniter\View\View->CodeIgniter\View\{closure}()
#9 /www/wwwroot/078637.unisza.work/ci4Lab2/system/Common.php(1173): CodeIgniter\View\View->render()
#10 /www/wwwroot/078637.unisza.work/ci4Lab2/app/Config/Routes.php(10): view()
#11 /www/wwwroot/078637.unisza.work/ci4Lab2/system/CodeIgniter.php(875): CodeIgniter\Router\RouteCollection->{closure}()
#12 /www/wwwroot/078637.unisza.work/ci4Lab2/system/CodeIgniter.php(494): CodeIgniter\CodeIgniter->startController()
#13 /www/wwwroot/078637.unisza.work/ci4Lab2/system/CodeIgniter.php(354): CodeIgniter\CodeIgniter->handleRequest()
#14 /www/wwwroot/078637.unisza.work/ci4Lab2/system/Boot.php(334): CodeIgniter\CodeIgniter->run()
#15 /www/wwwroot/078637.unisza.work/ci4Lab2/system/Boot.php(67): CodeIgniter\Boot::runCodeIgniter()
#16 /www/wwwroot/078637.unisza.work/ci4Lab2/public/index.php(56): CodeIgniter\Boot::bootWeb()
#17 {main}

Next CodeIgniter\Database\Exceptions\DatabaseException: Access denied for user ''@'localhost' (using password: NO) in /www/wwwroot/078637.unisza.work/ci4Lab2/system/Database/MySQLi/Connection.php:246
Stack trace:
#0 /www/wwwroot/078637.unisza.work/ci4Lab2/system/Database/BaseConnection.php(421): CodeIgniter\Database\MySQLi\Connection->connect()
#1 /www/wwwroot/078637.unisza.work/ci4Lab2/system/Database/BaseConnection.php(620): CodeIgniter\Database\BaseConnection->initialize()
#2 /www/wwwroot/078637.unisza.work/ci4Lab2/system/Database/BaseBuilder.php(1649): CodeIgniter\Database\BaseConnection->query()
#3 /www/wwwroot/078637.unisza.work/ci4Lab2/system/Model.php(286): CodeIgniter\Database\BaseBuilder->get()
#4 /www/wwwroot/078637.unisza.work/ci4Lab2/system/BaseModel.php(675): CodeIgniter\Model->doFindAll()
#5 /www/wwwroot/078637.unisza.work/ci4Lab2/app/Views/employee.php(4): CodeIgniter\BaseModel->findAll()
#6 /www/wwwroot/078637.unisza.work/ci4Lab2/system/View/View.php(224): include('...')
#7 /www/wwwroot/078637.unisza.work/ci4Lab2/system/View/View.php(227): CodeIgniter\View\View->CodeIgniter\View\{closure}()
#8 /www/wwwroot/078637.unisza.work/ci4Lab2/system/Common.php(1173): CodeIgniter\View\View->render()
#9 /www/wwwroot/078637.unisza.work/ci4Lab2/app/Config/Routes.php(10): view()
#10 /www/wwwroot/078637.unisza.work/ci4Lab2/system/CodeIgniter.php(875): CodeIgniter\Router\RouteCollection->{closure}()
#11 /www/wwwroot/078637.unisza.work/ci4Lab2/system/CodeIgniter.php(494): CodeIgniter\CodeIgniter->startController()
#12 /www/wwwroot/078637.unisza.work/ci4Lab2/system/CodeIgniter.php(354): CodeIgniter\CodeIgniter->handleRequest()
#13 /www/wwwroot/078637.unisza.work/ci4Lab2/system/Boot.php(334): CodeIgniter\CodeIgniter->run()
#14 /www/wwwroot/078637.unisza.work/ci4Lab2/system/Boot.php(67): CodeIgniter\Boot::runCodeIgniter()
#15 /www/wwwroot/078637.unisza.work/ci4Lab2/public/index.php(56): CodeIgniter\Boot::bootWeb()
#16 {main}
CRITICAL - 2025-05-25 05:05:32 --> CodeIgniter\Database\Exceptions\DatabaseException: Unable to connect to the database.
Main connection [MySQLi]: Access denied for user ''@'localhost' (using password: NO)
[Method: GET, Route: list]
in SYSTEMPATH/Database/BaseConnection.php on line 467.
 1 SYSTEMPATH/Database/BaseConnection.php(620): CodeIgniter\Database\BaseConnection->initialize()
 2 SYSTEMPATH/Database/BaseBuilder.php(1649): CodeIgniter\Database\BaseConnection->query()
 3 SYSTEMPATH/Model.php(286): CodeIgniter\Database\BaseBuilder->get()
 4 SYSTEMPATH/BaseModel.php(675): CodeIgniter\Model->doFindAll()
 5 APPPATH/Views/employee.php(4): CodeIgniter\BaseModel->findAll()
 6 SYSTEMPATH/View/View.php(224): include('/www/wwwroot/078637.unisza.work/ci4Lab2/app/Views/employee.php')
 7 SYSTEMPATH/View/View.php(227): CodeIgniter\View\View->CodeIgniter\View\{closure}()
 8 SYSTEMPATH/Common.php(1173): CodeIgniter\View\View->render()
 9 APPPATH/Config/Routes.php(10): view()
10 SYSTEMPATH/CodeIgniter.php(875): CodeIgniter\Router\RouteCollection->{closure}()
11 SYSTEMPATH/CodeIgniter.php(494): CodeIgniter\CodeIgniter->startController()
12 SYSTEMPATH/CodeIgniter.php(354): CodeIgniter\CodeIgniter->handleRequest()
13 SYSTEMPATH/Boot.php(334): CodeIgniter\CodeIgniter->run()
14 SYSTEMPATH/Boot.php(67): CodeIgniter\Boot::runCodeIgniter()
15 FCPATH/index.php(56): CodeIgniter\Boot::bootWeb()
ERROR - 2025-05-25 05:05:51 --> Error connecting to the database: mysqli_sql_exception: Access denied for user ''@'localhost' (using password: NO) in /www/wwwroot/078637.unisza.work/ci4Lab2/system/Database/MySQLi/Connection.php:201
Stack trace:
#0 /www/wwwroot/078637.unisza.work/ci4Lab2/system/Database/MySQLi/Connection.php(201): mysqli->real_connect()
#1 /www/wwwroot/078637.unisza.work/ci4Lab2/system/Database/BaseConnection.php(421): CodeIgniter\Database\MySQLi\Connection->connect()
#2 /www/wwwroot/078637.unisza.work/ci4Lab2/system/Database/BaseConnection.php(620): CodeIgniter\Database\BaseConnection->initialize()
#3 /www/wwwroot/078637.unisza.work/ci4Lab2/system/Database/BaseBuilder.php(1649): CodeIgniter\Database\BaseConnection->query()
#4 /www/wwwroot/078637.unisza.work/ci4Lab2/system/Model.php(286): CodeIgniter\Database\BaseBuilder->get()
#5 /www/wwwroot/078637.unisza.work/ci4Lab2/system/BaseModel.php(675): CodeIgniter\Model->doFindAll()
#6 /www/wwwroot/078637.unisza.work/ci4Lab2/app/Views/employee.php(4): CodeIgniter\BaseModel->findAll()
#7 /www/wwwroot/078637.unisza.work/ci4Lab2/system/View/View.php(224): include('...')
#8 /www/wwwroot/078637.unisza.work/ci4Lab2/system/View/View.php(227): CodeIgniter\View\View->CodeIgniter\View\{closure}()
#9 /www/wwwroot/078637.unisza.work/ci4Lab2/system/Common.php(1173): CodeIgniter\View\View->render()
#10 /www/wwwroot/078637.unisza.work/ci4Lab2/app/Config/Routes.php(10): view()
#11 /www/wwwroot/078637.unisza.work/ci4Lab2/system/CodeIgniter.php(875): CodeIgniter\Router\RouteCollection->{closure}()
#12 /www/wwwroot/078637.unisza.work/ci4Lab2/system/CodeIgniter.php(494): CodeIgniter\CodeIgniter->startController()
#13 /www/wwwroot/078637.unisza.work/ci4Lab2/system/CodeIgniter.php(354): CodeIgniter\CodeIgniter->handleRequest()
#14 /www/wwwroot/078637.unisza.work/ci4Lab2/system/Boot.php(334): CodeIgniter\CodeIgniter->run()
#15 /www/wwwroot/078637.unisza.work/ci4Lab2/system/Boot.php(67): CodeIgniter\Boot::runCodeIgniter()
#16 /www/wwwroot/078637.unisza.work/ci4Lab2/public/index.php(56): CodeIgniter\Boot::bootWeb()
#17 {main}

Next CodeIgniter\Database\Exceptions\DatabaseException: Access denied for user ''@'localhost' (using password: NO) in /www/wwwroot/078637.unisza.work/ci4Lab2/system/Database/MySQLi/Connection.php:246
Stack trace:
#0 /www/wwwroot/078637.unisza.work/ci4Lab2/system/Database/BaseConnection.php(421): CodeIgniter\Database\MySQLi\Connection->connect()
#1 /www/wwwroot/078637.unisza.work/ci4Lab2/system/Database/BaseConnection.php(620): CodeIgniter\Database\BaseConnection->initialize()
#2 /www/wwwroot/078637.unisza.work/ci4Lab2/system/Database/BaseBuilder.php(1649): CodeIgniter\Database\BaseConnection->query()
#3 /www/wwwroot/078637.unisza.work/ci4Lab2/system/Model.php(286): CodeIgniter\Database\BaseBuilder->get()
#4 /www/wwwroot/078637.unisza.work/ci4Lab2/system/BaseModel.php(675): CodeIgniter\Model->doFindAll()
#5 /www/wwwroot/078637.unisza.work/ci4Lab2/app/Views/employee.php(4): CodeIgniter\BaseModel->findAll()
#6 /www/wwwroot/078637.unisza.work/ci4Lab2/system/View/View.php(224): include('...')
#7 /www/wwwroot/078637.unisza.work/ci4Lab2/system/View/View.php(227): CodeIgniter\View\View->CodeIgniter\View\{closure}()
#8 /www/wwwroot/078637.unisza.work/ci4Lab2/system/Common.php(1173): CodeIgniter\View\View->render()
#9 /www/wwwroot/078637.unisza.work/ci4Lab2/app/Config/Routes.php(10): view()
#10 /www/wwwroot/078637.unisza.work/ci4Lab2/system/CodeIgniter.php(875): CodeIgniter\Router\RouteCollection->{closure}()
#11 /www/wwwroot/078637.unisza.work/ci4Lab2/system/CodeIgniter.php(494): CodeIgniter\CodeIgniter->startController()
#12 /www/wwwroot/078637.unisza.work/ci4Lab2/system/CodeIgniter.php(354): CodeIgniter\CodeIgniter->handleRequest()
#13 /www/wwwroot/078637.unisza.work/ci4Lab2/system/Boot.php(334): CodeIgniter\CodeIgniter->run()
#14 /www/wwwroot/078637.unisza.work/ci4Lab2/system/Boot.php(67): CodeIgniter\Boot::runCodeIgniter()
#15 /www/wwwroot/078637.unisza.work/ci4Lab2/public/index.php(56): CodeIgniter\Boot::bootWeb()
#16 {main}
CRITICAL - 2025-05-25 05:05:51 --> CodeIgniter\Database\Exceptions\DatabaseException: Unable to connect to the database.
Main connection [MySQLi]: Access denied for user ''@'localhost' (using password: NO)
[Method: GET, Route: list]
in SYSTEMPATH/Database/BaseConnection.php on line 467.
 1 SYSTEMPATH/Database/BaseConnection.php(620): CodeIgniter\Database\BaseConnection->initialize()
 2 SYSTEMPATH/Database/BaseBuilder.php(1649): CodeIgniter\Database\BaseConnection->query()
 3 SYSTEMPATH/Model.php(286): CodeIgniter\Database\BaseBuilder->get()
 4 SYSTEMPATH/BaseModel.php(675): CodeIgniter\Model->doFindAll()
 5 APPPATH/Views/employee.php(4): CodeIgniter\BaseModel->findAll()
 6 SYSTEMPATH/View/View.php(224): include('/www/wwwroot/078637.unisza.work/ci4Lab2/app/Views/employee.php')
 7 SYSTEMPATH/View/View.php(227): CodeIgniter\View\View->CodeIgniter\View\{closure}()
 8 SYSTEMPATH/Common.php(1173): CodeIgniter\View\View->render()
 9 APPPATH/Config/Routes.php(10): view()
10 SYSTEMPATH/CodeIgniter.php(875): CodeIgniter\Router\RouteCollection->{closure}()
11 SYSTEMPATH/CodeIgniter.php(494): CodeIgniter\CodeIgniter->startController()
12 SYSTEMPATH/CodeIgniter.php(354): CodeIgniter\CodeIgniter->handleRequest()
13 SYSTEMPATH/Boot.php(334): CodeIgniter\CodeIgniter->run()
14 SYSTEMPATH/Boot.php(67): CodeIgniter\Boot::runCodeIgniter()
15 FCPATH/index.php(56): CodeIgniter\Boot::bootWeb()
ERROR - 2025-05-25 05:08:21 --> Error connecting to the database: mysqli_sql_exception: Access denied for user ''@'localhost' (using password: NO) in /www/wwwroot/078637.unisza.work/ci4Lab2/system/Database/MySQLi/Connection.php:201
Stack trace:
#0 /www/wwwroot/078637.unisza.work/ci4Lab2/system/Database/MySQLi/Connection.php(201): mysqli->real_connect()
#1 /www/wwwroot/078637.unisza.work/ci4Lab2/system/Database/BaseConnection.php(421): CodeIgniter\Database\MySQLi\Connection->connect()
#2 /www/wwwroot/078637.unisza.work/ci4Lab2/system/Database/BaseConnection.php(620): CodeIgniter\Database\BaseConnection->initialize()
#3 /www/wwwroot/078637.unisza.work/ci4Lab2/system/Database/BaseBuilder.php(1649): CodeIgniter\Database\BaseConnection->query()
#4 /www/wwwroot/078637.unisza.work/ci4Lab2/system/Model.php(286): CodeIgniter\Database\BaseBuilder->get()
#5 /www/wwwroot/078637.unisza.work/ci4Lab2/system/BaseModel.php(675): CodeIgniter\Model->doFindAll()
#6 /www/wwwroot/078637.unisza.work/ci4Lab2/app/Views/employee.php(4): CodeIgniter\BaseModel->findAll()
#7 /www/wwwroot/078637.unisza.work/ci4Lab2/system/View/View.php(224): include('...')
#8 /www/wwwroot/078637.unisza.work/ci4Lab2/system/View/View.php(227): CodeIgniter\View\View->CodeIgniter\View\{closure}()
#9 /www/wwwroot/078637.unisza.work/ci4Lab2/system/Common.php(1173): CodeIgniter\View\View->render()
#10 /www/wwwroot/078637.unisza.work/ci4Lab2/app/Config/Routes.php(10): view()
#11 /www/wwwroot/078637.unisza.work/ci4Lab2/system/CodeIgniter.php(875): CodeIgniter\Router\RouteCollection->{closure}()
#12 /www/wwwroot/078637.unisza.work/ci4Lab2/system/CodeIgniter.php(494): CodeIgniter\CodeIgniter->startController()
#13 /www/wwwroot/078637.unisza.work/ci4Lab2/system/CodeIgniter.php(354): CodeIgniter\CodeIgniter->handleRequest()
#14 /www/wwwroot/078637.unisza.work/ci4Lab2/system/Boot.php(334): CodeIgniter\CodeIgniter->run()
#15 /www/wwwroot/078637.unisza.work/ci4Lab2/system/Boot.php(67): CodeIgniter\Boot::runCodeIgniter()
#16 /www/wwwroot/078637.unisza.work/ci4Lab2/public/index.php(56): CodeIgniter\Boot::bootWeb()
#17 {main}

Next CodeIgniter\Database\Exceptions\DatabaseException: Access denied for user ''@'localhost' (using password: NO) in /www/wwwroot/078637.unisza.work/ci4Lab2/system/Database/MySQLi/Connection.php:246
Stack trace:
#0 /www/wwwroot/078637.unisza.work/ci4Lab2/system/Database/BaseConnection.php(421): CodeIgniter\Database\MySQLi\Connection->connect()
#1 /www/wwwroot/078637.unisza.work/ci4Lab2/system/Database/BaseConnection.php(620): CodeIgniter\Database\BaseConnection->initialize()
#2 /www/wwwroot/078637.unisza.work/ci4Lab2/system/Database/BaseBuilder.php(1649): CodeIgniter\Database\BaseConnection->query()
#3 /www/wwwroot/078637.unisza.work/ci4Lab2/system/Model.php(286): CodeIgniter\Database\BaseBuilder->get()
#4 /www/wwwroot/078637.unisza.work/ci4Lab2/system/BaseModel.php(675): CodeIgniter\Model->doFindAll()
#5 /www/wwwroot/078637.unisza.work/ci4Lab2/app/Views/employee.php(4): CodeIgniter\BaseModel->findAll()
#6 /www/wwwroot/078637.unisza.work/ci4Lab2/system/View/View.php(224): include('...')
#7 /www/wwwroot/078637.unisza.work/ci4Lab2/system/View/View.php(227): CodeIgniter\View\View->CodeIgniter\View\{closure}()
#8 /www/wwwroot/078637.unisza.work/ci4Lab2/system/Common.php(1173): CodeIgniter\View\View->render()
#9 /www/wwwroot/078637.unisza.work/ci4Lab2/app/Config/Routes.php(10): view()
#10 /www/wwwroot/078637.unisza.work/ci4Lab2/system/CodeIgniter.php(875): CodeIgniter\Router\RouteCollection->{closure}()
#11 /www/wwwroot/078637.unisza.work/ci4Lab2/system/CodeIgniter.php(494): CodeIgniter\CodeIgniter->startController()
#12 /www/wwwroot/078637.unisza.work/ci4Lab2/system/CodeIgniter.php(354): CodeIgniter\CodeIgniter->handleRequest()
#13 /www/wwwroot/078637.unisza.work/ci4Lab2/system/Boot.php(334): CodeIgniter\CodeIgniter->run()
#14 /www/wwwroot/078637.unisza.work/ci4Lab2/system/Boot.php(67): CodeIgniter\Boot::runCodeIgniter()
#15 /www/wwwroot/078637.unisza.work/ci4Lab2/public/index.php(56): CodeIgniter\Boot::bootWeb()
#16 {main}
CRITICAL - 2025-05-25 05:08:21 --> CodeIgniter\Database\Exceptions\DatabaseException: Unable to connect to the database.
Main connection [MySQLi]: Access denied for user ''@'localhost' (using password: NO)
[Method: GET, Route: list]
in SYSTEMPATH/Database/BaseConnection.php on line 467.
 1 SYSTEMPATH/Database/BaseConnection.php(620): CodeIgniter\Database\BaseConnection->initialize()
 2 SYSTEMPATH/Database/BaseBuilder.php(1649): CodeIgniter\Database\BaseConnection->query()
 3 SYSTEMPATH/Model.php(286): CodeIgniter\Database\BaseBuilder->get()
 4 SYSTEMPATH/BaseModel.php(675): CodeIgniter\Model->doFindAll()
 5 APPPATH/Views/employee.php(4): CodeIgniter\BaseModel->findAll()
 6 SYSTEMPATH/View/View.php(224): include('/www/wwwroot/078637.unisza.work/ci4Lab2/app/Views/employee.php')
 7 SYSTEMPATH/View/View.php(227): CodeIgniter\View\View->CodeIgniter\View\{closure}()
 8 SYSTEMPATH/Common.php(1173): CodeIgniter\View\View->render()
 9 APPPATH/Config/Routes.php(10): view()
10 SYSTEMPATH/CodeIgniter.php(875): CodeIgniter\Router\RouteCollection->{closure}()
11 SYSTEMPATH/CodeIgniter.php(494): CodeIgniter\CodeIgniter->startController()
12 SYSTEMPATH/CodeIgniter.php(354): CodeIgniter\CodeIgniter->handleRequest()
13 SYSTEMPATH/Boot.php(334): CodeIgniter\CodeIgniter->run()
14 SYSTEMPATH/Boot.php(67): CodeIgniter\Boot::runCodeIgniter()
15 FCPATH/index.php(56): CodeIgniter\Boot::bootWeb()
ERROR - 2025-05-25 05:08:23 --> Error connecting to the database: mysqli_sql_exception: Access denied for user ''@'localhost' (using password: NO) in /www/wwwroot/078637.unisza.work/ci4Lab2/system/Database/MySQLi/Connection.php:201
Stack trace:
#0 /www/wwwroot/078637.unisza.work/ci4Lab2/system/Database/MySQLi/Connection.php(201): mysqli->real_connect()
#1 /www/wwwroot/078637.unisza.work/ci4Lab2/system/Database/BaseConnection.php(421): CodeIgniter\Database\MySQLi\Connection->connect()
#2 /www/wwwroot/078637.unisza.work/ci4Lab2/system/Database/BaseConnection.php(620): CodeIgniter\Database\BaseConnection->initialize()
#3 /www/wwwroot/078637.unisza.work/ci4Lab2/system/Database/BaseBuilder.php(1649): CodeIgniter\Database\BaseConnection->query()
#4 /www/wwwroot/078637.unisza.work/ci4Lab2/system/Model.php(286): CodeIgniter\Database\BaseBuilder->get()
#5 /www/wwwroot/078637.unisza.work/ci4Lab2/system/BaseModel.php(675): CodeIgniter\Model->doFindAll()
#6 /www/wwwroot/078637.unisza.work/ci4Lab2/app/Views/employee.php(4): CodeIgniter\BaseModel->findAll()
#7 /www/wwwroot/078637.unisza.work/ci4Lab2/system/View/View.php(224): include('...')
#8 /www/wwwroot/078637.unisza.work/ci4Lab2/system/View/View.php(227): CodeIgniter\View\View->CodeIgniter\View\{closure}()
#9 /www/wwwroot/078637.unisza.work/ci4Lab2/system/Common.php(1173): CodeIgniter\View\View->render()
#10 /www/wwwroot/078637.unisza.work/ci4Lab2/app/Config/Routes.php(10): view()
#11 /www/wwwroot/078637.unisza.work/ci4Lab2/system/CodeIgniter.php(875): CodeIgniter\Router\RouteCollection->{closure}()
#12 /www/wwwroot/078637.unisza.work/ci4Lab2/system/CodeIgniter.php(494): CodeIgniter\CodeIgniter->startController()
#13 /www/wwwroot/078637.unisza.work/ci4Lab2/system/CodeIgniter.php(354): CodeIgniter\CodeIgniter->handleRequest()
#14 /www/wwwroot/078637.unisza.work/ci4Lab2/system/Boot.php(334): CodeIgniter\CodeIgniter->run()
#15 /www/wwwroot/078637.unisza.work/ci4Lab2/system/Boot.php(67): CodeIgniter\Boot::runCodeIgniter()
#16 /www/wwwroot/078637.unisza.work/ci4Lab2/public/index.php(56): CodeIgniter\Boot::bootWeb()
#17 {main}

Next CodeIgniter\Database\Exceptions\DatabaseException: Access denied for user ''@'localhost' (using password: NO) in /www/wwwroot/078637.unisza.work/ci4Lab2/system/Database/MySQLi/Connection.php:246
Stack trace:
#0 /www/wwwroot/078637.unisza.work/ci4Lab2/system/Database/BaseConnection.php(421): CodeIgniter\Database\MySQLi\Connection->connect()
#1 /www/wwwroot/078637.unisza.work/ci4Lab2/system/Database/BaseConnection.php(620): CodeIgniter\Database\BaseConnection->initialize()
#2 /www/wwwroot/078637.unisza.work/ci4Lab2/system/Database/BaseBuilder.php(1649): CodeIgniter\Database\BaseConnection->query()
#3 /www/wwwroot/078637.unisza.work/ci4Lab2/system/Model.php(286): CodeIgniter\Database\BaseBuilder->get()
#4 /www/wwwroot/078637.unisza.work/ci4Lab2/system/BaseModel.php(675): CodeIgniter\Model->doFindAll()
#5 /www/wwwroot/078637.unisza.work/ci4Lab2/app/Views/employee.php(4): CodeIgniter\BaseModel->findAll()
#6 /www/wwwroot/078637.unisza.work/ci4Lab2/system/View/View.php(224): include('...')
#7 /www/wwwroot/078637.unisza.work/ci4Lab2/system/View/View.php(227): CodeIgniter\View\View->CodeIgniter\View\{closure}()
#8 /www/wwwroot/078637.unisza.work/ci4Lab2/system/Common.php(1173): CodeIgniter\View\View->render()
#9 /www/wwwroot/078637.unisza.work/ci4Lab2/app/Config/Routes.php(10): view()
#10 /www/wwwroot/078637.unisza.work/ci4Lab2/system/CodeIgniter.php(875): CodeIgniter\Router\RouteCollection->{closure}()
#11 /www/wwwroot/078637.unisza.work/ci4Lab2/system/CodeIgniter.php(494): CodeIgniter\CodeIgniter->startController()
#12 /www/wwwroot/078637.unisza.work/ci4Lab2/system/CodeIgniter.php(354): CodeIgniter\CodeIgniter->handleRequest()
#13 /www/wwwroot/078637.unisza.work/ci4Lab2/system/Boot.php(334): CodeIgniter\CodeIgniter->run()
#14 /www/wwwroot/078637.unisza.work/ci4Lab2/system/Boot.php(67): CodeIgniter\Boot::runCodeIgniter()
#15 /www/wwwroot/078637.unisza.work/ci4Lab2/public/index.php(56): CodeIgniter\Boot::bootWeb()
#16 {main}
CRITICAL - 2025-05-25 05:08:23 --> CodeIgniter\Database\Exceptions\DatabaseException: Unable to connect to the database.
Main connection [MySQLi]: Access denied for user ''@'localhost' (using password: NO)
[Method: GET, Route: list]
in SYSTEMPATH/Database/BaseConnection.php on line 467.
 1 SYSTEMPATH/Database/BaseConnection.php(620): CodeIgniter\Database\BaseConnection->initialize()
 2 SYSTEMPATH/Database/BaseBuilder.php(1649): CodeIgniter\Database\BaseConnection->query()
 3 SYSTEMPATH/Model.php(286): CodeIgniter\Database\BaseBuilder->get()
 4 SYSTEMPATH/BaseModel.php(675): CodeIgniter\Model->doFindAll()
 5 APPPATH/Views/employee.php(4): CodeIgniter\BaseModel->findAll()
 6 SYSTEMPATH/View/View.php(224): include('/www/wwwroot/078637.unisza.work/ci4Lab2/app/Views/employee.php')
 7 SYSTEMPATH/View/View.php(227): CodeIgniter\View\View->CodeIgniter\View\{closure}()
 8 SYSTEMPATH/Common.php(1173): CodeIgniter\View\View->render()
 9 APPPATH/Config/Routes.php(10): view()
10 SYSTEMPATH/CodeIgniter.php(875): CodeIgniter\Router\RouteCollection->{closure}()
11 SYSTEMPATH/CodeIgniter.php(494): CodeIgniter\CodeIgniter->startController()
12 SYSTEMPATH/CodeIgniter.php(354): CodeIgniter\CodeIgniter->handleRequest()
13 SYSTEMPATH/Boot.php(334): CodeIgniter\CodeIgniter->run()
14 SYSTEMPATH/Boot.php(67): CodeIgniter\Boot::runCodeIgniter()
15 FCPATH/index.php(56): CodeIgniter\Boot::bootWeb()
ERROR - 2025-05-25 05:08:28 --> Error connecting to the database: mysqli_sql_exception: Access denied for user ''@'localhost' (using password: NO) in /www/wwwroot/078637.unisza.work/ci4Lab2/system/Database/MySQLi/Connection.php:201
Stack trace:
#0 /www/wwwroot/078637.unisza.work/ci4Lab2/system/Database/MySQLi/Connection.php(201): mysqli->real_connect()
#1 /www/wwwroot/078637.unisza.work/ci4Lab2/system/Database/BaseConnection.php(421): CodeIgniter\Database\MySQLi\Connection->connect()
#2 /www/wwwroot/078637.unisza.work/ci4Lab2/system/Database/BaseConnection.php(620): CodeIgniter\Database\BaseConnection->initialize()
#3 /www/wwwroot/078637.unisza.work/ci4Lab2/system/Database/BaseBuilder.php(1649): CodeIgniter\Database\BaseConnection->query()
#4 /www/wwwroot/078637.unisza.work/ci4Lab2/system/Model.php(286): CodeIgniter\Database\BaseBuilder->get()
#5 /www/wwwroot/078637.unisza.work/ci4Lab2/system/BaseModel.php(675): CodeIgniter\Model->doFindAll()
#6 /www/wwwroot/078637.unisza.work/ci4Lab2/app/Views/employee.php(4): CodeIgniter\BaseModel->findAll()
#7 /www/wwwroot/078637.unisza.work/ci4Lab2/system/View/View.php(224): include('...')
#8 /www/wwwroot/078637.unisza.work/ci4Lab2/system/View/View.php(227): CodeIgniter\View\View->CodeIgniter\View\{closure}()
#9 /www/wwwroot/078637.unisza.work/ci4Lab2/system/Common.php(1173): CodeIgniter\View\View->render()
#10 /www/wwwroot/078637.unisza.work/ci4Lab2/app/Config/Routes.php(10): view()
#11 /www/wwwroot/078637.unisza.work/ci4Lab2/system/CodeIgniter.php(875): CodeIgniter\Router\RouteCollection->{closure}()
#12 /www/wwwroot/078637.unisza.work/ci4Lab2/system/CodeIgniter.php(494): CodeIgniter\CodeIgniter->startController()
#13 /www/wwwroot/078637.unisza.work/ci4Lab2/system/CodeIgniter.php(354): CodeIgniter\CodeIgniter->handleRequest()
#14 /www/wwwroot/078637.unisza.work/ci4Lab2/system/Boot.php(334): CodeIgniter\CodeIgniter->run()
#15 /www/wwwroot/078637.unisza.work/ci4Lab2/system/Boot.php(67): CodeIgniter\Boot::runCodeIgniter()
#16 /www/wwwroot/078637.unisza.work/ci4Lab2/public/index.php(56): CodeIgniter\Boot::bootWeb()
#17 {main}

Next CodeIgniter\Database\Exceptions\DatabaseException: Access denied for user ''@'localhost' (using password: NO) in /www/wwwroot/078637.unisza.work/ci4Lab2/system/Database/MySQLi/Connection.php:246
Stack trace:
#0 /www/wwwroot/078637.unisza.work/ci4Lab2/system/Database/BaseConnection.php(421): CodeIgniter\Database\MySQLi\Connection->connect()
#1 /www/wwwroot/078637.unisza.work/ci4Lab2/system/Database/BaseConnection.php(620): CodeIgniter\Database\BaseConnection->initialize()
#2 /www/wwwroot/078637.unisza.work/ci4Lab2/system/Database/BaseBuilder.php(1649): CodeIgniter\Database\BaseConnection->query()
#3 /www/wwwroot/078637.unisza.work/ci4Lab2/system/Model.php(286): CodeIgniter\Database\BaseBuilder->get()
#4 /www/wwwroot/078637.unisza.work/ci4Lab2/system/BaseModel.php(675): CodeIgniter\Model->doFindAll()
#5 /www/wwwroot/078637.unisza.work/ci4Lab2/app/Views/employee.php(4): CodeIgniter\BaseModel->findAll()
#6 /www/wwwroot/078637.unisza.work/ci4Lab2/system/View/View.php(224): include('...')
#7 /www/wwwroot/078637.unisza.work/ci4Lab2/system/View/View.php(227): CodeIgniter\View\View->CodeIgniter\View\{closure}()
#8 /www/wwwroot/078637.unisza.work/ci4Lab2/system/Common.php(1173): CodeIgniter\View\View->render()
#9 /www/wwwroot/078637.unisza.work/ci4Lab2/app/Config/Routes.php(10): view()
#10 /www/wwwroot/078637.unisza.work/ci4Lab2/system/CodeIgniter.php(875): CodeIgniter\Router\RouteCollection->{closure}()
#11 /www/wwwroot/078637.unisza.work/ci4Lab2/system/CodeIgniter.php(494): CodeIgniter\CodeIgniter->startController()
#12 /www/wwwroot/078637.unisza.work/ci4Lab2/system/CodeIgniter.php(354): CodeIgniter\CodeIgniter->handleRequest()
#13 /www/wwwroot/078637.unisza.work/ci4Lab2/system/Boot.php(334): CodeIgniter\CodeIgniter->run()
#14 /www/wwwroot/078637.unisza.work/ci4Lab2/system/Boot.php(67): CodeIgniter\Boot::runCodeIgniter()
#15 /www/wwwroot/078637.unisza.work/ci4Lab2/public/index.php(56): CodeIgniter\Boot::bootWeb()
#16 {main}
CRITICAL - 2025-05-25 05:08:28 --> CodeIgniter\Database\Exceptions\DatabaseException: Unable to connect to the database.
Main connection [MySQLi]: Access denied for user ''@'localhost' (using password: NO)
[Method: GET, Route: list]
in SYSTEMPATH/Database/BaseConnection.php on line 467.
 1 SYSTEMPATH/Database/BaseConnection.php(620): CodeIgniter\Database\BaseConnection->initialize()
 2 SYSTEMPATH/Database/BaseBuilder.php(1649): CodeIgniter\Database\BaseConnection->query()
 3 SYSTEMPATH/Model.php(286): CodeIgniter\Database\BaseBuilder->get()
 4 SYSTEMPATH/BaseModel.php(675): CodeIgniter\Model->doFindAll()
 5 APPPATH/Views/employee.php(4): CodeIgniter\BaseModel->findAll()
 6 SYSTEMPATH/View/View.php(224): include('/www/wwwroot/078637.unisza.work/ci4Lab2/app/Views/employee.php')
 7 SYSTEMPATH/View/View.php(227): CodeIgniter\View\View->CodeIgniter\View\{closure}()
 8 SYSTEMPATH/Common.php(1173): CodeIgniter\View\View->render()
 9 APPPATH/Config/Routes.php(10): view()
10 SYSTEMPATH/CodeIgniter.php(875): CodeIgniter\Router\RouteCollection->{closure}()
11 SYSTEMPATH/CodeIgniter.php(494): CodeIgniter\CodeIgniter->startController()
12 SYSTEMPATH/CodeIgniter.php(354): CodeIgniter\CodeIgniter->handleRequest()
13 SYSTEMPATH/Boot.php(334): CodeIgniter\CodeIgniter->run()
14 SYSTEMPATH/Boot.php(67): CodeIgniter\Boot::runCodeIgniter()
15 FCPATH/index.php(56): CodeIgniter\Boot::bootWeb()
ERROR - 2025-05-25 05:08:43 --> Error connecting to the database: mysqli_sql_exception: Access denied for user ''@'localhost' (using password: NO) in /www/wwwroot/078637.unisza.work/ci4Lab2/system/Database/MySQLi/Connection.php:201
Stack trace:
#0 /www/wwwroot/078637.unisza.work/ci4Lab2/system/Database/MySQLi/Connection.php(201): mysqli->real_connect()
#1 /www/wwwroot/078637.unisza.work/ci4Lab2/system/Database/BaseConnection.php(421): CodeIgniter\Database\MySQLi\Connection->connect()
#2 /www/wwwroot/078637.unisza.work/ci4Lab2/system/Database/BaseConnection.php(620): CodeIgniter\Database\BaseConnection->initialize()
#3 /www/wwwroot/078637.unisza.work/ci4Lab2/system/Database/BaseBuilder.php(1649): CodeIgniter\Database\BaseConnection->query()
#4 /www/wwwroot/078637.unisza.work/ci4Lab2/system/Model.php(286): CodeIgniter\Database\BaseBuilder->get()
#5 /www/wwwroot/078637.unisza.work/ci4Lab2/system/BaseModel.php(675): CodeIgniter\Model->doFindAll()
#6 /www/wwwroot/078637.unisza.work/ci4Lab2/app/Views/employee.php(4): CodeIgniter\BaseModel->findAll()
#7 /www/wwwroot/078637.unisza.work/ci4Lab2/system/View/View.php(224): include('...')
#8 /www/wwwroot/078637.unisza.work/ci4Lab2/system/View/View.php(227): CodeIgniter\View\View->CodeIgniter\View\{closure}()
#9 /www/wwwroot/078637.unisza.work/ci4Lab2/system/Common.php(1173): CodeIgniter\View\View->render()
#10 /www/wwwroot/078637.unisza.work/ci4Lab2/app/Config/Routes.php(10): view()
#11 /www/wwwroot/078637.unisza.work/ci4Lab2/system/CodeIgniter.php(875): CodeIgniter\Router\RouteCollection->{closure}()
#12 /www/wwwroot/078637.unisza.work/ci4Lab2/system/CodeIgniter.php(494): CodeIgniter\CodeIgniter->startController()
#13 /www/wwwroot/078637.unisza.work/ci4Lab2/system/CodeIgniter.php(354): CodeIgniter\CodeIgniter->handleRequest()
#14 /www/wwwroot/078637.unisza.work/ci4Lab2/system/Boot.php(334): CodeIgniter\CodeIgniter->run()
#15 /www/wwwroot/078637.unisza.work/ci4Lab2/system/Boot.php(67): CodeIgniter\Boot::runCodeIgniter()
#16 /www/wwwroot/078637.unisza.work/ci4Lab2/public/index.php(56): CodeIgniter\Boot::bootWeb()
#17 {main}

Next CodeIgniter\Database\Exceptions\DatabaseException: Access denied for user ''@'localhost' (using password: NO) in /www/wwwroot/078637.unisza.work/ci4Lab2/system/Database/MySQLi/Connection.php:246
Stack trace:
#0 /www/wwwroot/078637.unisza.work/ci4Lab2/system/Database/BaseConnection.php(421): CodeIgniter\Database\MySQLi\Connection->connect()
#1 /www/wwwroot/078637.unisza.work/ci4Lab2/system/Database/BaseConnection.php(620): CodeIgniter\Database\BaseConnection->initialize()
#2 /www/wwwroot/078637.unisza.work/ci4Lab2/system/Database/BaseBuilder.php(1649): CodeIgniter\Database\BaseConnection->query()
#3 /www/wwwroot/078637.unisza.work/ci4Lab2/system/Model.php(286): CodeIgniter\Database\BaseBuilder->get()
#4 /www/wwwroot/078637.unisza.work/ci4Lab2/system/BaseModel.php(675): CodeIgniter\Model->doFindAll()
#5 /www/wwwroot/078637.unisza.work/ci4Lab2/app/Views/employee.php(4): CodeIgniter\BaseModel->findAll()
#6 /www/wwwroot/078637.unisza.work/ci4Lab2/system/View/View.php(224): include('...')
#7 /www/wwwroot/078637.unisza.work/ci4Lab2/system/View/View.php(227): CodeIgniter\View\View->CodeIgniter\View\{closure}()
#8 /www/wwwroot/078637.unisza.work/ci4Lab2/system/Common.php(1173): CodeIgniter\View\View->render()
#9 /www/wwwroot/078637.unisza.work/ci4Lab2/app/Config/Routes.php(10): view()
#10 /www/wwwroot/078637.unisza.work/ci4Lab2/system/CodeIgniter.php(875): CodeIgniter\Router\RouteCollection->{closure}()
#11 /www/wwwroot/078637.unisza.work/ci4Lab2/system/CodeIgniter.php(494): CodeIgniter\CodeIgniter->startController()
#12 /www/wwwroot/078637.unisza.work/ci4Lab2/system/CodeIgniter.php(354): CodeIgniter\CodeIgniter->handleRequest()
#13 /www/wwwroot/078637.unisza.work/ci4Lab2/system/Boot.php(334): CodeIgniter\CodeIgniter->run()
#14 /www/wwwroot/078637.unisza.work/ci4Lab2/system/Boot.php(67): CodeIgniter\Boot::runCodeIgniter()
#15 /www/wwwroot/078637.unisza.work/ci4Lab2/public/index.php(56): CodeIgniter\Boot::bootWeb()
#16 {main}
CRITICAL - 2025-05-25 05:08:43 --> CodeIgniter\Database\Exceptions\DatabaseException: Unable to connect to the database.
Main connection [MySQLi]: Access denied for user ''@'localhost' (using password: NO)
[Method: GET, Route: list]
in SYSTEMPATH/Database/BaseConnection.php on line 467.
 1 SYSTEMPATH/Database/BaseConnection.php(620): CodeIgniter\Database\BaseConnection->initialize()
 2 SYSTEMPATH/Database/BaseBuilder.php(1649): CodeIgniter\Database\BaseConnection->query()
 3 SYSTEMPATH/Model.php(286): CodeIgniter\Database\BaseBuilder->get()
 4 SYSTEMPATH/BaseModel.php(675): CodeIgniter\Model->doFindAll()
 5 APPPATH/Views/employee.php(4): CodeIgniter\BaseModel->findAll()
 6 SYSTEMPATH/View/View.php(224): include('/www/wwwroot/078637.unisza.work/ci4Lab2/app/Views/employee.php')
 7 SYSTEMPATH/View/View.php(227): CodeIgniter\View\View->CodeIgniter\View\{closure}()
 8 SYSTEMPATH/Common.php(1173): CodeIgniter\View\View->render()
 9 APPPATH/Config/Routes.php(10): view()
10 SYSTEMPATH/CodeIgniter.php(875): CodeIgniter\Router\RouteCollection->{closure}()
11 SYSTEMPATH/CodeIgniter.php(494): CodeIgniter\CodeIgniter->startController()
12 SYSTEMPATH/CodeIgniter.php(354): CodeIgniter\CodeIgniter->handleRequest()
13 SYSTEMPATH/Boot.php(334): CodeIgniter\CodeIgniter->run()
14 SYSTEMPATH/Boot.php(67): CodeIgniter\Boot::runCodeIgniter()
15 FCPATH/index.php(56): CodeIgniter\Boot::bootWeb()
ERROR - 2025-05-25 05:08:59 --> Error connecting to the database: mysqli_sql_exception: Access denied for user ''@'localhost' (using password: NO) in /www/wwwroot/078637.unisza.work/ci4Lab2/system/Database/MySQLi/Connection.php:201
Stack trace:
#0 /www/wwwroot/078637.unisza.work/ci4Lab2/system/Database/MySQLi/Connection.php(201): mysqli->real_connect()
#1 /www/wwwroot/078637.unisza.work/ci4Lab2/system/Database/BaseConnection.php(421): CodeIgniter\Database\MySQLi\Connection->connect()
#2 /www/wwwroot/078637.unisza.work/ci4Lab2/system/Database/BaseConnection.php(620): CodeIgniter\Database\BaseConnection->initialize()
#3 /www/wwwroot/078637.unisza.work/ci4Lab2/system/Database/BaseBuilder.php(1649): CodeIgniter\Database\BaseConnection->query()
#4 /www/wwwroot/078637.unisza.work/ci4Lab2/system/Model.php(286): CodeIgniter\Database\BaseBuilder->get()
#5 /www/wwwroot/078637.unisza.work/ci4Lab2/system/BaseModel.php(675): CodeIgniter\Model->doFindAll()
#6 /www/wwwroot/078637.unisza.work/ci4Lab2/app/Views/employee.php(4): CodeIgniter\BaseModel->findAll()
#7 /www/wwwroot/078637.unisza.work/ci4Lab2/system/View/View.php(224): include('...')
#8 /www/wwwroot/078637.unisza.work/ci4Lab2/system/View/View.php(227): CodeIgniter\View\View->CodeIgniter\View\{closure}()
#9 /www/wwwroot/078637.unisza.work/ci4Lab2/system/Common.php(1173): CodeIgniter\View\View->render()
#10 /www/wwwroot/078637.unisza.work/ci4Lab2/app/Config/Routes.php(10): view()
#11 /www/wwwroot/078637.unisza.work/ci4Lab2/system/CodeIgniter.php(875): CodeIgniter\Router\RouteCollection->{closure}()
#12 /www/wwwroot/078637.unisza.work/ci4Lab2/system/CodeIgniter.php(494): CodeIgniter\CodeIgniter->startController()
#13 /www/wwwroot/078637.unisza.work/ci4Lab2/system/CodeIgniter.php(354): CodeIgniter\CodeIgniter->handleRequest()
#14 /www/wwwroot/078637.unisza.work/ci4Lab2/system/Boot.php(334): CodeIgniter\CodeIgniter->run()
#15 /www/wwwroot/078637.unisza.work/ci4Lab2/system/Boot.php(67): CodeIgniter\Boot::runCodeIgniter()
#16 /www/wwwroot/078637.unisza.work/ci4Lab2/public/index.php(56): CodeIgniter\Boot::bootWeb()
#17 {main}

Next CodeIgniter\Database\Exceptions\DatabaseException: Access denied for user ''@'localhost' (using password: NO) in /www/wwwroot/078637.unisza.work/ci4Lab2/system/Database/MySQLi/Connection.php:246
Stack trace:
#0 /www/wwwroot/078637.unisza.work/ci4Lab2/system/Database/BaseConnection.php(421): CodeIgniter\Database\MySQLi\Connection->connect()
#1 /www/wwwroot/078637.unisza.work/ci4Lab2/system/Database/BaseConnection.php(620): CodeIgniter\Database\BaseConnection->initialize()
#2 /www/wwwroot/078637.unisza.work/ci4Lab2/system/Database/BaseBuilder.php(1649): CodeIgniter\Database\BaseConnection->query()
#3 /www/wwwroot/078637.unisza.work/ci4Lab2/system/Model.php(286): CodeIgniter\Database\BaseBuilder->get()
#4 /www/wwwroot/078637.unisza.work/ci4Lab2/system/BaseModel.php(675): CodeIgniter\Model->doFindAll()
#5 /www/wwwroot/078637.unisza.work/ci4Lab2/app/Views/employee.php(4): CodeIgniter\BaseModel->findAll()
#6 /www/wwwroot/078637.unisza.work/ci4Lab2/system/View/View.php(224): include('...')
#7 /www/wwwroot/078637.unisza.work/ci4Lab2/system/View/View.php(227): CodeIgniter\View\View->CodeIgniter\View\{closure}()
#8 /www/wwwroot/078637.unisza.work/ci4Lab2/system/Common.php(1173): CodeIgniter\View\View->render()
#9 /www/wwwroot/078637.unisza.work/ci4Lab2/app/Config/Routes.php(10): view()
#10 /www/wwwroot/078637.unisza.work/ci4Lab2/system/CodeIgniter.php(875): CodeIgniter\Router\RouteCollection->{closure}()
#11 /www/wwwroot/078637.unisza.work/ci4Lab2/system/CodeIgniter.php(494): CodeIgniter\CodeIgniter->startController()
#12 /www/wwwroot/078637.unisza.work/ci4Lab2/system/CodeIgniter.php(354): CodeIgniter\CodeIgniter->handleRequest()
#13 /www/wwwroot/078637.unisza.work/ci4Lab2/system/Boot.php(334): CodeIgniter\CodeIgniter->run()
#14 /www/wwwroot/078637.unisza.work/ci4Lab2/system/Boot.php(67): CodeIgniter\Boot::runCodeIgniter()
#15 /www/wwwroot/078637.unisza.work/ci4Lab2/public/index.php(56): CodeIgniter\Boot::bootWeb()
#16 {main}
CRITICAL - 2025-05-25 05:08:59 --> CodeIgniter\Database\Exceptions\DatabaseException: Unable to connect to the database.
Main connection [MySQLi]: Access denied for user ''@'localhost' (using password: NO)
[Method: GET, Route: list]
in SYSTEMPATH/Database/BaseConnection.php on line 467.
 1 SYSTEMPATH/Database/BaseConnection.php(620): CodeIgniter\Database\BaseConnection->initialize()
 2 SYSTEMPATH/Database/BaseBuilder.php(1649): CodeIgniter\Database\BaseConnection->query()
 3 SYSTEMPATH/Model.php(286): CodeIgniter\Database\BaseBuilder->get()
 4 SYSTEMPATH/BaseModel.php(675): CodeIgniter\Model->doFindAll()
 5 APPPATH/Views/employee.php(4): CodeIgniter\BaseModel->findAll()
 6 SYSTEMPATH/View/View.php(224): include('/www/wwwroot/078637.unisza.work/ci4Lab2/app/Views/employee.php')
 7 SYSTEMPATH/View/View.php(227): CodeIgniter\View\View->CodeIgniter\View\{closure}()
 8 SYSTEMPATH/Common.php(1173): CodeIgniter\View\View->render()
 9 APPPATH/Config/Routes.php(10): view()
10 SYSTEMPATH/CodeIgniter.php(875): CodeIgniter\Router\RouteCollection->{closure}()
11 SYSTEMPATH/CodeIgniter.php(494): CodeIgniter\CodeIgniter->startController()
12 SYSTEMPATH/CodeIgniter.php(354): CodeIgniter\CodeIgniter->handleRequest()
13 SYSTEMPATH/Boot.php(334): CodeIgniter\CodeIgniter->run()
14 SYSTEMPATH/Boot.php(67): CodeIgniter\Boot::runCodeIgniter()
15 FCPATH/index.php(56): CodeIgniter\Boot::bootWeb()
ERROR - 2025-05-25 05:09:49 --> Error connecting to the database: mysqli_sql_exception: Access denied for user ''@'localhost' (using password: NO) in /www/wwwroot/078637.unisza.work/ci4Lab2/system/Database/MySQLi/Connection.php:201
Stack trace:
#0 /www/wwwroot/078637.unisza.work/ci4Lab2/system/Database/MySQLi/Connection.php(201): mysqli->real_connect()
#1 /www/wwwroot/078637.unisza.work/ci4Lab2/system/Database/BaseConnection.php(421): CodeIgniter\Database\MySQLi\Connection->connect()
#2 /www/wwwroot/078637.unisza.work/ci4Lab2/system/Database/BaseConnection.php(620): CodeIgniter\Database\BaseConnection->initialize()
#3 /www/wwwroot/078637.unisza.work/ci4Lab2/system/Database/BaseBuilder.php(1649): CodeIgniter\Database\BaseConnection->query()
#4 /www/wwwroot/078637.unisza.work/ci4Lab2/system/Model.php(286): CodeIgniter\Database\BaseBuilder->get()
#5 /www/wwwroot/078637.unisza.work/ci4Lab2/system/BaseModel.php(675): CodeIgniter\Model->doFindAll()
#6 /www/wwwroot/078637.unisza.work/ci4Lab2/app/Views/employee.php(4): CodeIgniter\BaseModel->findAll()
#7 /www/wwwroot/078637.unisza.work/ci4Lab2/system/View/View.php(224): include('...')
#8 /www/wwwroot/078637.unisza.work/ci4Lab2/system/View/View.php(227): CodeIgniter\View\View->CodeIgniter\View\{closure}()
#9 /www/wwwroot/078637.unisza.work/ci4Lab2/system/Common.php(1173): CodeIgniter\View\View->render()
#10 /www/wwwroot/078637.unisza.work/ci4Lab2/app/Config/Routes.php(10): view()
#11 /www/wwwroot/078637.unisza.work/ci4Lab2/system/CodeIgniter.php(875): CodeIgniter\Router\RouteCollection->{closure}()
#12 /www/wwwroot/078637.unisza.work/ci4Lab2/system/CodeIgniter.php(494): CodeIgniter\CodeIgniter->startController()
#13 /www/wwwroot/078637.unisza.work/ci4Lab2/system/CodeIgniter.php(354): CodeIgniter\CodeIgniter->handleRequest()
#14 /www/wwwroot/078637.unisza.work/ci4Lab2/system/Boot.php(334): CodeIgniter\CodeIgniter->run()
#15 /www/wwwroot/078637.unisza.work/ci4Lab2/system/Boot.php(67): CodeIgniter\Boot::runCodeIgniter()
#16 /www/wwwroot/078637.unisza.work/ci4Lab2/public/index.php(56): CodeIgniter\Boot::bootWeb()
#17 {main}

Next CodeIgniter\Database\Exceptions\DatabaseException: Access denied for user ''@'localhost' (using password: NO) in /www/wwwroot/078637.unisza.work/ci4Lab2/system/Database/MySQLi/Connection.php:246
Stack trace:
#0 /www/wwwroot/078637.unisza.work/ci4Lab2/system/Database/BaseConnection.php(421): CodeIgniter\Database\MySQLi\Connection->connect()
#1 /www/wwwroot/078637.unisza.work/ci4Lab2/system/Database/BaseConnection.php(620): CodeIgniter\Database\BaseConnection->initialize()
#2 /www/wwwroot/078637.unisza.work/ci4Lab2/system/Database/BaseBuilder.php(1649): CodeIgniter\Database\BaseConnection->query()
#3 /www/wwwroot/078637.unisza.work/ci4Lab2/system/Model.php(286): CodeIgniter\Database\BaseBuilder->get()
#4 /www/wwwroot/078637.unisza.work/ci4Lab2/system/BaseModel.php(675): CodeIgniter\Model->doFindAll()
#5 /www/wwwroot/078637.unisza.work/ci4Lab2/app/Views/employee.php(4): CodeIgniter\BaseModel->findAll()
#6 /www/wwwroot/078637.unisza.work/ci4Lab2/system/View/View.php(224): include('...')
#7 /www/wwwroot/078637.unisza.work/ci4Lab2/system/View/View.php(227): CodeIgniter\View\View->CodeIgniter\View\{closure}()
#8 /www/wwwroot/078637.unisza.work/ci4Lab2/system/Common.php(1173): CodeIgniter\View\View->render()
#9 /www/wwwroot/078637.unisza.work/ci4Lab2/app/Config/Routes.php(10): view()
#10 /www/wwwroot/078637.unisza.work/ci4Lab2/system/CodeIgniter.php(875): CodeIgniter\Router\RouteCollection->{closure}()
#11 /www/wwwroot/078637.unisza.work/ci4Lab2/system/CodeIgniter.php(494): CodeIgniter\CodeIgniter->startController()
#12 /www/wwwroot/078637.unisza.work/ci4Lab2/system/CodeIgniter.php(354): CodeIgniter\CodeIgniter->handleRequest()
#13 /www/wwwroot/078637.unisza.work/ci4Lab2/system/Boot.php(334): CodeIgniter\CodeIgniter->run()
#14 /www/wwwroot/078637.unisza.work/ci4Lab2/system/Boot.php(67): CodeIgniter\Boot::runCodeIgniter()
#15 /www/wwwroot/078637.unisza.work/ci4Lab2/public/index.php(56): CodeIgniter\Boot::bootWeb()
#16 {main}
CRITICAL - 2025-05-25 05:09:49 --> CodeIgniter\Database\Exceptions\DatabaseException: Unable to connect to the database.
Main connection [MySQLi]: Access denied for user ''@'localhost' (using password: NO)
[Method: GET, Route: list]
in SYSTEMPATH/Database/BaseConnection.php on line 467.
 1 SYSTEMPATH/Database/BaseConnection.php(620): CodeIgniter\Database\BaseConnection->initialize()
 2 SYSTEMPATH/Database/BaseBuilder.php(1649): CodeIgniter\Database\BaseConnection->query()
 3 SYSTEMPATH/Model.php(286): CodeIgniter\Database\BaseBuilder->get()
 4 SYSTEMPATH/BaseModel.php(675): CodeIgniter\Model->doFindAll()
 5 APPPATH/Views/employee.php(4): CodeIgniter\BaseModel->findAll()
 6 SYSTEMPATH/View/View.php(224): include('/www/wwwroot/078637.unisza.work/ci4Lab2/app/Views/employee.php')
 7 SYSTEMPATH/View/View.php(227): CodeIgniter\View\View->CodeIgniter\View\{closure}()
 8 SYSTEMPATH/Common.php(1173): CodeIgniter\View\View->render()
 9 APPPATH/Config/Routes.php(10): view()
10 SYSTEMPATH/CodeIgniter.php(875): CodeIgniter\Router\RouteCollection->{closure}()
11 SYSTEMPATH/CodeIgniter.php(494): CodeIgniter\CodeIgniter->startController()
12 SYSTEMPATH/CodeIgniter.php(354): CodeIgniter\CodeIgniter->handleRequest()
13 SYSTEMPATH/Boot.php(334): CodeIgniter\CodeIgniter->run()
14 SYSTEMPATH/Boot.php(67): CodeIgniter\Boot::runCodeIgniter()
15 FCPATH/index.php(56): CodeIgniter\Boot::bootWeb()
ERROR - 2025-05-25 05:09:50 --> Error connecting to the database: mysqli_sql_exception: Access denied for user ''@'localhost' (using password: NO) in /www/wwwroot/078637.unisza.work/ci4Lab2/system/Database/MySQLi/Connection.php:201
Stack trace:
#0 /www/wwwroot/078637.unisza.work/ci4Lab2/system/Database/MySQLi/Connection.php(201): mysqli->real_connect()
#1 /www/wwwroot/078637.unisza.work/ci4Lab2/system/Database/BaseConnection.php(421): CodeIgniter\Database\MySQLi\Connection->connect()
#2 /www/wwwroot/078637.unisza.work/ci4Lab2/system/Database/BaseConnection.php(620): CodeIgniter\Database\BaseConnection->initialize()
#3 /www/wwwroot/078637.unisza.work/ci4Lab2/system/Database/BaseBuilder.php(1649): CodeIgniter\Database\BaseConnection->query()
#4 /www/wwwroot/078637.unisza.work/ci4Lab2/system/Model.php(286): CodeIgniter\Database\BaseBuilder->get()
#5 /www/wwwroot/078637.unisza.work/ci4Lab2/system/BaseModel.php(675): CodeIgniter\Model->doFindAll()
#6 /www/wwwroot/078637.unisza.work/ci4Lab2/app/Views/employee.php(4): CodeIgniter\BaseModel->findAll()
#7 /www/wwwroot/078637.unisza.work/ci4Lab2/system/View/View.php(224): include('...')
#8 /www/wwwroot/078637.unisza.work/ci4Lab2/system/View/View.php(227): CodeIgniter\View\View->CodeIgniter\View\{closure}()
#9 /www/wwwroot/078637.unisza.work/ci4Lab2/system/Common.php(1173): CodeIgniter\View\View->render()
#10 /www/wwwroot/078637.unisza.work/ci4Lab2/app/Config/Routes.php(10): view()
#11 /www/wwwroot/078637.unisza.work/ci4Lab2/system/CodeIgniter.php(875): CodeIgniter\Router\RouteCollection->{closure}()
#12 /www/wwwroot/078637.unisza.work/ci4Lab2/system/CodeIgniter.php(494): CodeIgniter\CodeIgniter->startController()
#13 /www/wwwroot/078637.unisza.work/ci4Lab2/system/CodeIgniter.php(354): CodeIgniter\CodeIgniter->handleRequest()
#14 /www/wwwroot/078637.unisza.work/ci4Lab2/system/Boot.php(334): CodeIgniter\CodeIgniter->run()
#15 /www/wwwroot/078637.unisza.work/ci4Lab2/system/Boot.php(67): CodeIgniter\Boot::runCodeIgniter()
#16 /www/wwwroot/078637.unisza.work/ci4Lab2/public/index.php(56): CodeIgniter\Boot::bootWeb()
#17 {main}

Next CodeIgniter\Database\Exceptions\DatabaseException: Access denied for user ''@'localhost' (using password: NO) in /www/wwwroot/078637.unisza.work/ci4Lab2/system/Database/MySQLi/Connection.php:246
Stack trace:
#0 /www/wwwroot/078637.unisza.work/ci4Lab2/system/Database/BaseConnection.php(421): CodeIgniter\Database\MySQLi\Connection->connect()
#1 /www/wwwroot/078637.unisza.work/ci4Lab2/system/Database/BaseConnection.php(620): CodeIgniter\Database\BaseConnection->initialize()
#2 /www/wwwroot/078637.unisza.work/ci4Lab2/system/Database/BaseBuilder.php(1649): CodeIgniter\Database\BaseConnection->query()
#3 /www/wwwroot/078637.unisza.work/ci4Lab2/system/Model.php(286): CodeIgniter\Database\BaseBuilder->get()
#4 /www/wwwroot/078637.unisza.work/ci4Lab2/system/BaseModel.php(675): CodeIgniter\Model->doFindAll()
#5 /www/wwwroot/078637.unisza.work/ci4Lab2/app/Views/employee.php(4): CodeIgniter\BaseModel->findAll()
#6 /www/wwwroot/078637.unisza.work/ci4Lab2/system/View/View.php(224): include('...')
#7 /www/wwwroot/078637.unisza.work/ci4Lab2/system/View/View.php(227): CodeIgniter\View\View->CodeIgniter\View\{closure}()
#8 /www/wwwroot/078637.unisza.work/ci4Lab2/system/Common.php(1173): CodeIgniter\View\View->render()
#9 /www/wwwroot/078637.unisza.work/ci4Lab2/app/Config/Routes.php(10): view()
#10 /www/wwwroot/078637.unisza.work/ci4Lab2/system/CodeIgniter.php(875): CodeIgniter\Router\RouteCollection->{closure}()
#11 /www/wwwroot/078637.unisza.work/ci4Lab2/system/CodeIgniter.php(494): CodeIgniter\CodeIgniter->startController()
#12 /www/wwwroot/078637.unisza.work/ci4Lab2/system/CodeIgniter.php(354): CodeIgniter\CodeIgniter->handleRequest()
#13 /www/wwwroot/078637.unisza.work/ci4Lab2/system/Boot.php(334): CodeIgniter\CodeIgniter->run()
#14 /www/wwwroot/078637.unisza.work/ci4Lab2/system/Boot.php(67): CodeIgniter\Boot::runCodeIgniter()
#15 /www/wwwroot/078637.unisza.work/ci4Lab2/public/index.php(56): CodeIgniter\Boot::bootWeb()
#16 {main}
CRITICAL - 2025-05-25 05:09:50 --> CodeIgniter\Database\Exceptions\DatabaseException: Unable to connect to the database.
Main connection [MySQLi]: Access denied for user ''@'localhost' (using password: NO)
[Method: GET, Route: list]
in SYSTEMPATH/Database/BaseConnection.php on line 467.
 1 SYSTEMPATH/Database/BaseConnection.php(620): CodeIgniter\Database\BaseConnection->initialize()
 2 SYSTEMPATH/Database/BaseBuilder.php(1649): CodeIgniter\Database\BaseConnection->query()
 3 SYSTEMPATH/Model.php(286): CodeIgniter\Database\BaseBuilder->get()
 4 SYSTEMPATH/BaseModel.php(675): CodeIgniter\Model->doFindAll()
 5 APPPATH/Views/employee.php(4): CodeIgniter\BaseModel->findAll()
 6 SYSTEMPATH/View/View.php(224): include('/www/wwwroot/078637.unisza.work/ci4Lab2/app/Views/employee.php')
 7 SYSTEMPATH/View/View.php(227): CodeIgniter\View\View->CodeIgniter\View\{closure}()
 8 SYSTEMPATH/Common.php(1173): CodeIgniter\View\View->render()
 9 APPPATH/Config/Routes.php(10): view()
10 SYSTEMPATH/CodeIgniter.php(875): CodeIgniter\Router\RouteCollection->{closure}()
11 SYSTEMPATH/CodeIgniter.php(494): CodeIgniter\CodeIgniter->startController()
12 SYSTEMPATH/CodeIgniter.php(354): CodeIgniter\CodeIgniter->handleRequest()
13 SYSTEMPATH/Boot.php(334): CodeIgniter\CodeIgniter->run()
14 SYSTEMPATH/Boot.php(67): CodeIgniter\Boot::runCodeIgniter()
15 FCPATH/index.php(56): CodeIgniter\Boot::bootWeb()
ERROR - 2025-05-25 05:10:04 --> Error connecting to the database: mysqli_sql_exception: Access denied for user ''@'localhost' (using password: NO) in /www/wwwroot/078637.unisza.work/ci4Lab2/system/Database/MySQLi/Connection.php:201
Stack trace:
#0 /www/wwwroot/078637.unisza.work/ci4Lab2/system/Database/MySQLi/Connection.php(201): mysqli->real_connect()
#1 /www/wwwroot/078637.unisza.work/ci4Lab2/system/Database/BaseConnection.php(421): CodeIgniter\Database\MySQLi\Connection->connect()
#2 /www/wwwroot/078637.unisza.work/ci4Lab2/system/Database/BaseConnection.php(620): CodeIgniter\Database\BaseConnection->initialize()
#3 /www/wwwroot/078637.unisza.work/ci4Lab2/system/Database/BaseBuilder.php(1649): CodeIgniter\Database\BaseConnection->query()
#4 /www/wwwroot/078637.unisza.work/ci4Lab2/system/Model.php(286): CodeIgniter\Database\BaseBuilder->get()
#5 /www/wwwroot/078637.unisza.work/ci4Lab2/system/BaseModel.php(675): CodeIgniter\Model->doFindAll()
#6 /www/wwwroot/078637.unisza.work/ci4Lab2/app/Views/employee.php(4): CodeIgniter\BaseModel->findAll()
#7 /www/wwwroot/078637.unisza.work/ci4Lab2/system/View/View.php(224): include('...')
#8 /www/wwwroot/078637.unisza.work/ci4Lab2/system/View/View.php(227): CodeIgniter\View\View->CodeIgniter\View\{closure}()
#9 /www/wwwroot/078637.unisza.work/ci4Lab2/system/Common.php(1173): CodeIgniter\View\View->render()
#10 /www/wwwroot/078637.unisza.work/ci4Lab2/app/Config/Routes.php(10): view()
#11 /www/wwwroot/078637.unisza.work/ci4Lab2/system/CodeIgniter.php(875): CodeIgniter\Router\RouteCollection->{closure}()
#12 /www/wwwroot/078637.unisza.work/ci4Lab2/system/CodeIgniter.php(494): CodeIgniter\CodeIgniter->startController()
#13 /www/wwwroot/078637.unisza.work/ci4Lab2/system/CodeIgniter.php(354): CodeIgniter\CodeIgniter->handleRequest()
#14 /www/wwwroot/078637.unisza.work/ci4Lab2/system/Boot.php(334): CodeIgniter\CodeIgniter->run()
#15 /www/wwwroot/078637.unisza.work/ci4Lab2/system/Boot.php(67): CodeIgniter\Boot::runCodeIgniter()
#16 /www/wwwroot/078637.unisza.work/ci4Lab2/public/index.php(56): CodeIgniter\Boot::bootWeb()
#17 {main}

Next CodeIgniter\Database\Exceptions\DatabaseException: Access denied for user ''@'localhost' (using password: NO) in /www/wwwroot/078637.unisza.work/ci4Lab2/system/Database/MySQLi/Connection.php:246
Stack trace:
#0 /www/wwwroot/078637.unisza.work/ci4Lab2/system/Database/BaseConnection.php(421): CodeIgniter\Database\MySQLi\Connection->connect()
#1 /www/wwwroot/078637.unisza.work/ci4Lab2/system/Database/BaseConnection.php(620): CodeIgniter\Database\BaseConnection->initialize()
#2 /www/wwwroot/078637.unisza.work/ci4Lab2/system/Database/BaseBuilder.php(1649): CodeIgniter\Database\BaseConnection->query()
#3 /www/wwwroot/078637.unisza.work/ci4Lab2/system/Model.php(286): CodeIgniter\Database\BaseBuilder->get()
#4 /www/wwwroot/078637.unisza.work/ci4Lab2/system/BaseModel.php(675): CodeIgniter\Model->doFindAll()
#5 /www/wwwroot/078637.unisza.work/ci4Lab2/app/Views/employee.php(4): CodeIgniter\BaseModel->findAll()
#6 /www/wwwroot/078637.unisza.work/ci4Lab2/system/View/View.php(224): include('...')
#7 /www/wwwroot/078637.unisza.work/ci4Lab2/system/View/View.php(227): CodeIgniter\View\View->CodeIgniter\View\{closure}()
#8 /www/wwwroot/078637.unisza.work/ci4Lab2/system/Common.php(1173): CodeIgniter\View\View->render()
#9 /www/wwwroot/078637.unisza.work/ci4Lab2/app/Config/Routes.php(10): view()
#10 /www/wwwroot/078637.unisza.work/ci4Lab2/system/CodeIgniter.php(875): CodeIgniter\Router\RouteCollection->{closure}()
#11 /www/wwwroot/078637.unisza.work/ci4Lab2/system/CodeIgniter.php(494): CodeIgniter\CodeIgniter->startController()
#12 /www/wwwroot/078637.unisza.work/ci4Lab2/system/CodeIgniter.php(354): CodeIgniter\CodeIgniter->handleRequest()
#13 /www/wwwroot/078637.unisza.work/ci4Lab2/system/Boot.php(334): CodeIgniter\CodeIgniter->run()
#14 /www/wwwroot/078637.unisza.work/ci4Lab2/system/Boot.php(67): CodeIgniter\Boot::runCodeIgniter()
#15 /www/wwwroot/078637.unisza.work/ci4Lab2/public/index.php(56): CodeIgniter\Boot::bootWeb()
#16 {main}
CRITICAL - 2025-05-25 05:10:04 --> CodeIgniter\Database\Exceptions\DatabaseException: Unable to connect to the database.
Main connection [MySQLi]: Access denied for user ''@'localhost' (using password: NO)
[Method: GET, Route: list]
in SYSTEMPATH/Database/BaseConnection.php on line 467.
 1 SYSTEMPATH/Database/BaseConnection.php(620): CodeIgniter\Database\BaseConnection->initialize()
 2 SYSTEMPATH/Database/BaseBuilder.php(1649): CodeIgniter\Database\BaseConnection->query()
 3 SYSTEMPATH/Model.php(286): CodeIgniter\Database\BaseBuilder->get()
 4 SYSTEMPATH/BaseModel.php(675): CodeIgniter\Model->doFindAll()
 5 APPPATH/Views/employee.php(4): CodeIgniter\BaseModel->findAll()
 6 SYSTEMPATH/View/View.php(224): include('/www/wwwroot/078637.unisza.work/ci4Lab2/app/Views/employee.php')
 7 SYSTEMPATH/View/View.php(227): CodeIgniter\View\View->CodeIgniter\View\{closure}()
 8 SYSTEMPATH/Common.php(1173): CodeIgniter\View\View->render()
 9 APPPATH/Config/Routes.php(10): view()
10 SYSTEMPATH/CodeIgniter.php(875): CodeIgniter\Router\RouteCollection->{closure}()
11 SYSTEMPATH/CodeIgniter.php(494): CodeIgniter\CodeIgniter->startController()
12 SYSTEMPATH/CodeIgniter.php(354): CodeIgniter\CodeIgniter->handleRequest()
13 SYSTEMPATH/Boot.php(334): CodeIgniter\CodeIgniter->run()
14 SYSTEMPATH/Boot.php(67): CodeIgniter\Boot::runCodeIgniter()
15 FCPATH/index.php(56): CodeIgniter\Boot::bootWeb()
ERROR - 2025-05-25 05:11:02 --> Error connecting to the database: mysqli_sql_exception: Access denied for user ''@'localhost' (using password: NO) in /www/wwwroot/078637.unisza.work/ci4Lab2/system/Database/MySQLi/Connection.php:201
Stack trace:
#0 /www/wwwroot/078637.unisza.work/ci4Lab2/system/Database/MySQLi/Connection.php(201): mysqli->real_connect()
#1 /www/wwwroot/078637.unisza.work/ci4Lab2/system/Database/BaseConnection.php(421): CodeIgniter\Database\MySQLi\Connection->connect()
#2 /www/wwwroot/078637.unisza.work/ci4Lab2/system/Database/BaseConnection.php(620): CodeIgniter\Database\BaseConnection->initialize()
#3 /www/wwwroot/078637.unisza.work/ci4Lab2/system/Database/BaseBuilder.php(1649): CodeIgniter\Database\BaseConnection->query()
#4 /www/wwwroot/078637.unisza.work/ci4Lab2/system/Model.php(286): CodeIgniter\Database\BaseBuilder->get()
#5 /www/wwwroot/078637.unisza.work/ci4Lab2/system/BaseModel.php(675): CodeIgniter\Model->doFindAll()
#6 /www/wwwroot/078637.unisza.work/ci4Lab2/app/Views/employee.php(4): CodeIgniter\BaseModel->findAll()
#7 /www/wwwroot/078637.unisza.work/ci4Lab2/system/View/View.php(224): include('...')
#8 /www/wwwroot/078637.unisza.work/ci4Lab2/system/View/View.php(227): CodeIgniter\View\View->CodeIgniter\View\{closure}()
#9 /www/wwwroot/078637.unisza.work/ci4Lab2/system/Common.php(1173): CodeIgniter\View\View->render()
#10 /www/wwwroot/078637.unisza.work/ci4Lab2/app/Config/Routes.php(10): view()
#11 /www/wwwroot/078637.unisza.work/ci4Lab2/system/CodeIgniter.php(875): CodeIgniter\Router\RouteCollection->{closure}()
#12 /www/wwwroot/078637.unisza.work/ci4Lab2/system/CodeIgniter.php(494): CodeIgniter\CodeIgniter->startController()
#13 /www/wwwroot/078637.unisza.work/ci4Lab2/system/CodeIgniter.php(354): CodeIgniter\CodeIgniter->handleRequest()
#14 /www/wwwroot/078637.unisza.work/ci4Lab2/system/Boot.php(334): CodeIgniter\CodeIgniter->run()
#15 /www/wwwroot/078637.unisza.work/ci4Lab2/system/Boot.php(67): CodeIgniter\Boot::runCodeIgniter()
#16 /www/wwwroot/078637.unisza.work/ci4Lab2/public/index.php(56): CodeIgniter\Boot::bootWeb()
#17 {main}

Next CodeIgniter\Database\Exceptions\DatabaseException: Access denied for user ''@'localhost' (using password: NO) in /www/wwwroot/078637.unisza.work/ci4Lab2/system/Database/MySQLi/Connection.php:246
Stack trace:
#0 /www/wwwroot/078637.unisza.work/ci4Lab2/system/Database/BaseConnection.php(421): CodeIgniter\Database\MySQLi\Connection->connect()
#1 /www/wwwroot/078637.unisza.work/ci4Lab2/system/Database/BaseConnection.php(620): CodeIgniter\Database\BaseConnection->initialize()
#2 /www/wwwroot/078637.unisza.work/ci4Lab2/system/Database/BaseBuilder.php(1649): CodeIgniter\Database\BaseConnection->query()
#3 /www/wwwroot/078637.unisza.work/ci4Lab2/system/Model.php(286): CodeIgniter\Database\BaseBuilder->get()
#4 /www/wwwroot/078637.unisza.work/ci4Lab2/system/BaseModel.php(675): CodeIgniter\Model->doFindAll()
#5 /www/wwwroot/078637.unisza.work/ci4Lab2/app/Views/employee.php(4): CodeIgniter\BaseModel->findAll()
#6 /www/wwwroot/078637.unisza.work/ci4Lab2/system/View/View.php(224): include('...')
#7 /www/wwwroot/078637.unisza.work/ci4Lab2/system/View/View.php(227): CodeIgniter\View\View->CodeIgniter\View\{closure}()
#8 /www/wwwroot/078637.unisza.work/ci4Lab2/system/Common.php(1173): CodeIgniter\View\View->render()
#9 /www/wwwroot/078637.unisza.work/ci4Lab2/app/Config/Routes.php(10): view()
#10 /www/wwwroot/078637.unisza.work/ci4Lab2/system/CodeIgniter.php(875): CodeIgniter\Router\RouteCollection->{closure}()
#11 /www/wwwroot/078637.unisza.work/ci4Lab2/system/CodeIgniter.php(494): CodeIgniter\CodeIgniter->startController()
#12 /www/wwwroot/078637.unisza.work/ci4Lab2/system/CodeIgniter.php(354): CodeIgniter\CodeIgniter->handleRequest()
#13 /www/wwwroot/078637.unisza.work/ci4Lab2/system/Boot.php(334): CodeIgniter\CodeIgniter->run()
#14 /www/wwwroot/078637.unisza.work/ci4Lab2/system/Boot.php(67): CodeIgniter\Boot::runCodeIgniter()
#15 /www/wwwroot/078637.unisza.work/ci4Lab2/public/index.php(56): CodeIgniter\Boot::bootWeb()
#16 {main}
CRITICAL - 2025-05-25 05:11:02 --> CodeIgniter\Database\Exceptions\DatabaseException: Unable to connect to the database.
Main connection [MySQLi]: Access denied for user ''@'localhost' (using password: NO)
[Method: GET, Route: list]
in SYSTEMPATH/Database/BaseConnection.php on line 467.
 1 SYSTEMPATH/Database/BaseConnection.php(620): CodeIgniter\Database\BaseConnection->initialize()
 2 SYSTEMPATH/Database/BaseBuilder.php(1649): CodeIgniter\Database\BaseConnection->query()
 3 SYSTEMPATH/Model.php(286): CodeIgniter\Database\BaseBuilder->get()
 4 SYSTEMPATH/BaseModel.php(675): CodeIgniter\Model->doFindAll()
 5 APPPATH/Views/employee.php(4): CodeIgniter\BaseModel->findAll()
 6 SYSTEMPATH/View/View.php(224): include('/www/wwwroot/078637.unisza.work/ci4Lab2/app/Views/employee.php')
 7 SYSTEMPATH/View/View.php(227): CodeIgniter\View\View->CodeIgniter\View\{closure}()
 8 SYSTEMPATH/Common.php(1173): CodeIgniter\View\View->render()
 9 APPPATH/Config/Routes.php(10): view()
10 SYSTEMPATH/CodeIgniter.php(875): CodeIgniter\Router\RouteCollection->{closure}()
11 SYSTEMPATH/CodeIgniter.php(494): CodeIgniter\CodeIgniter->startController()
12 SYSTEMPATH/CodeIgniter.php(354): CodeIgniter\CodeIgniter->handleRequest()
13 SYSTEMPATH/Boot.php(334): CodeIgniter\CodeIgniter->run()
14 SYSTEMPATH/Boot.php(67): CodeIgniter\Boot::runCodeIgniter()
15 FCPATH/index.php(56): CodeIgniter\Boot::bootWeb()
ERROR - 2025-05-25 07:17:53 --> Error connecting to the database: mysqli_sql_exception: Access denied for user ''@'localhost' (using password: NO) in /www/wwwroot/078637.unisza.work/ci4Lab2/system/Database/MySQLi/Connection.php:201
Stack trace:
#0 /www/wwwroot/078637.unisza.work/ci4Lab2/system/Database/MySQLi/Connection.php(201): mysqli->real_connect()
#1 /www/wwwroot/078637.unisza.work/ci4Lab2/system/Database/BaseConnection.php(421): CodeIgniter\Database\MySQLi\Connection->connect()
#2 /www/wwwroot/078637.unisza.work/ci4Lab2/system/Database/BaseConnection.php(620): CodeIgniter\Database\BaseConnection->initialize()
#3 /www/wwwroot/078637.unisza.work/ci4Lab2/system/Database/BaseBuilder.php(1649): CodeIgniter\Database\BaseConnection->query()
#4 /www/wwwroot/078637.unisza.work/ci4Lab2/system/Model.php(286): CodeIgniter\Database\BaseBuilder->get()
#5 /www/wwwroot/078637.unisza.work/ci4Lab2/system/BaseModel.php(675): CodeIgniter\Model->doFindAll()
#6 /www/wwwroot/078637.unisza.work/ci4Lab2/app/Views/employee.php(4): CodeIgniter\BaseModel->findAll()
#7 /www/wwwroot/078637.unisza.work/ci4Lab2/system/View/View.php(224): include('...')
#8 /www/wwwroot/078637.unisza.work/ci4Lab2/system/View/View.php(227): CodeIgniter\View\View->CodeIgniter\View\{closure}()
#9 /www/wwwroot/078637.unisza.work/ci4Lab2/system/Common.php(1173): CodeIgniter\View\View->render()
#10 /www/wwwroot/078637.unisza.work/ci4Lab2/app/Config/Routes.php(10): view()
#11 /www/wwwroot/078637.unisza.work/ci4Lab2/system/CodeIgniter.php(875): CodeIgniter\Router\RouteCollection->{closure}()
#12 /www/wwwroot/078637.unisza.work/ci4Lab2/system/CodeIgniter.php(494): CodeIgniter\CodeIgniter->startController()
#13 /www/wwwroot/078637.unisza.work/ci4Lab2/system/CodeIgniter.php(354): CodeIgniter\CodeIgniter->handleRequest()
#14 /www/wwwroot/078637.unisza.work/ci4Lab2/system/Boot.php(334): CodeIgniter\CodeIgniter->run()
#15 /www/wwwroot/078637.unisza.work/ci4Lab2/system/Boot.php(67): CodeIgniter\Boot::runCodeIgniter()
#16 /www/wwwroot/078637.unisza.work/ci4Lab2/public/index.php(56): CodeIgniter\Boot::bootWeb()
#17 {main}

Next CodeIgniter\Database\Exceptions\DatabaseException: Access denied for user ''@'localhost' (using password: NO) in /www/wwwroot/078637.unisza.work/ci4Lab2/system/Database/MySQLi/Connection.php:246
Stack trace:
#0 /www/wwwroot/078637.unisza.work/ci4Lab2/system/Database/BaseConnection.php(421): CodeIgniter\Database\MySQLi\Connection->connect()
#1 /www/wwwroot/078637.unisza.work/ci4Lab2/system/Database/BaseConnection.php(620): CodeIgniter\Database\BaseConnection->initialize()
#2 /www/wwwroot/078637.unisza.work/ci4Lab2/system/Database/BaseBuilder.php(1649): CodeIgniter\Database\BaseConnection->query()
#3 /www/wwwroot/078637.unisza.work/ci4Lab2/system/Model.php(286): CodeIgniter\Database\BaseBuilder->get()
#4 /www/wwwroot/078637.unisza.work/ci4Lab2/system/BaseModel.php(675): CodeIgniter\Model->doFindAll()
#5 /www/wwwroot/078637.unisza.work/ci4Lab2/app/Views/employee.php(4): CodeIgniter\BaseModel->findAll()
#6 /www/wwwroot/078637.unisza.work/ci4Lab2/system/View/View.php(224): include('...')
#7 /www/wwwroot/078637.unisza.work/ci4Lab2/system/View/View.php(227): CodeIgniter\View\View->CodeIgniter\View\{closure}()
#8 /www/wwwroot/078637.unisza.work/ci4Lab2/system/Common.php(1173): CodeIgniter\View\View->render()
#9 /www/wwwroot/078637.unisza.work/ci4Lab2/app/Config/Routes.php(10): view()
#10 /www/wwwroot/078637.unisza.work/ci4Lab2/system/CodeIgniter.php(875): CodeIgniter\Router\RouteCollection->{closure}()
#11 /www/wwwroot/078637.unisza.work/ci4Lab2/system/CodeIgniter.php(494): CodeIgniter\CodeIgniter->startController()
#12 /www/wwwroot/078637.unisza.work/ci4Lab2/system/CodeIgniter.php(354): CodeIgniter\CodeIgniter->handleRequest()
#13 /www/wwwroot/078637.unisza.work/ci4Lab2/system/Boot.php(334): CodeIgniter\CodeIgniter->run()
#14 /www/wwwroot/078637.unisza.work/ci4Lab2/system/Boot.php(67): CodeIgniter\Boot::runCodeIgniter()
#15 /www/wwwroot/078637.unisza.work/ci4Lab2/public/index.php(56): CodeIgniter\Boot::bootWeb()
#16 {main}
CRITICAL - 2025-05-25 07:17:53 --> CodeIgniter\Database\Exceptions\DatabaseException: Unable to connect to the database.
Main connection [MySQLi]: Access denied for user ''@'localhost' (using password: NO)
[Method: GET, Route: list]
in SYSTEMPATH/Database/BaseConnection.php on line 467.
 1 SYSTEMPATH/Database/BaseConnection.php(620): CodeIgniter\Database\BaseConnection->initialize()
 2 SYSTEMPATH/Database/BaseBuilder.php(1649): CodeIgniter\Database\BaseConnection->query()
 3 SYSTEMPATH/Model.php(286): CodeIgniter\Database\BaseBuilder->get()
 4 SYSTEMPATH/BaseModel.php(675): CodeIgniter\Model->doFindAll()
 5 APPPATH/Views/employee.php(4): CodeIgniter\BaseModel->findAll()
 6 SYSTEMPATH/View/View.php(224): include('/www/wwwroot/078637.unisza.work/ci4Lab2/app/Views/employee.php')
 7 SYSTEMPATH/View/View.php(227): CodeIgniter\View\View->CodeIgniter\View\{closure}()
 8 SYSTEMPATH/Common.php(1173): CodeIgniter\View\View->render()
 9 APPPATH/Config/Routes.php(10): view()
10 SYSTEMPATH/CodeIgniter.php(875): CodeIgniter\Router\RouteCollection->{closure}()
11 SYSTEMPATH/CodeIgniter.php(494): CodeIgniter\CodeIgniter->startController()
12 SYSTEMPATH/CodeIgniter.php(354): CodeIgniter\CodeIgniter->handleRequest()
13 SYSTEMPATH/Boot.php(334): CodeIgniter\CodeIgniter->run()
14 SYSTEMPATH/Boot.php(67): CodeIgniter\Boot::runCodeIgniter()
15 FCPATH/index.php(56): CodeIgniter\Boot::bootWeb()
CRITICAL - 2025-05-25 07:26:21 --> ParseError: syntax error, unexpected token "*", expecting end of file
[Method: GET, Route: list]
in APPPATH/Views/employee.php on line 10.
 1 SYSTEMPATH/View/View.php(227): CodeIgniter\View\View->CodeIgniter\View\{closure}()
 2 SYSTEMPATH/Common.php(1173): CodeIgniter\View\View->render()
 3 APPPATH/Config/Routes.php(10): view()
 4 SYSTEMPATH/CodeIgniter.php(875): CodeIgniter\Router\RouteCollection->{closure}()
 5 SYSTEMPATH/CodeIgniter.php(494): CodeIgniter\CodeIgniter->startController()
 6 SYSTEMPATH/CodeIgniter.php(354): CodeIgniter\CodeIgniter->handleRequest()
 7 SYSTEMPATH/Boot.php(334): CodeIgniter\CodeIgniter->run()
 8 SYSTEMPATH/Boot.php(67): CodeIgniter\Boot::runCodeIgniter()
 9 FCPATH/index.php(56): CodeIgniter\Boot::bootWeb()
ERROR - 2025-05-25 07:27:03 --> mysqli_sql_exception: Table '078637.Office' doesn't exist in /www/wwwroot/078637.unisza.work/ci4Lab2/system/Database/MySQLi/Connection.php:327
Stack trace:
#0 /www/wwwroot/078637.unisza.work/ci4Lab2/system/Database/MySQLi/Connection.php(327): mysqli->query()
#1 /www/wwwroot/078637.unisza.work/ci4Lab2/system/Database/BaseConnection.php(738): CodeIgniter\Database\MySQLi\Connection->execute()
#2 /www/wwwroot/078637.unisza.work/ci4Lab2/system/Database/BaseConnection.php(652): CodeIgniter\Database\BaseConnection->simpleQuery()
#3 /www/wwwroot/078637.unisza.work/ci4Lab2/system/Database/BaseBuilder.php(1649): CodeIgniter\Database\BaseConnection->query()
#4 /www/wwwroot/078637.unisza.work/ci4Lab2/system/Model.php(286): CodeIgniter\Database\BaseBuilder->get()
#5 /www/wwwroot/078637.unisza.work/ci4Lab2/system/BaseModel.php(675): CodeIgniter\Model->doFindAll()
#6 /www/wwwroot/078637.unisza.work/ci4Lab2/app/Views/employee.php(9): CodeIgniter\BaseModel->findAll()
#7 /www/wwwroot/078637.unisza.work/ci4Lab2/system/View/View.php(224): include('...')
#8 /www/wwwroot/078637.unisza.work/ci4Lab2/system/View/View.php(227): CodeIgniter\View\View->CodeIgniter\View\{closure}()
#9 /www/wwwroot/078637.unisza.work/ci4Lab2/system/Common.php(1173): CodeIgniter\View\View->render()
#10 /www/wwwroot/078637.unisza.work/ci4Lab2/app/Config/Routes.php(10): view()
#11 /www/wwwroot/078637.unisza.work/ci4Lab2/system/CodeIgniter.php(875): CodeIgniter\Router\RouteCollection->{closure}()
#12 /www/wwwroot/078637.unisza.work/ci4Lab2/system/CodeIgniter.php(494): CodeIgniter\CodeIgniter->startController()
#13 /www/wwwroot/078637.unisza.work/ci4Lab2/system/CodeIgniter.php(354): CodeIgniter\CodeIgniter->handleRequest()
#14 /www/wwwroot/078637.unisza.work/ci4Lab2/system/Boot.php(334): CodeIgniter\CodeIgniter->run()
#15 /www/wwwroot/078637.unisza.work/ci4Lab2/system/Boot.php(67): CodeIgniter\Boot::runCodeIgniter()
#16 /www/wwwroot/078637.unisza.work/ci4Lab2/public/index.php(56): CodeIgniter\Boot::bootWeb()
#17 {main}
CRITICAL - 2025-05-25 07:27:03 --> CodeIgniter\Database\Exceptions\DatabaseException: Table '078637.Office' doesn't exist
[Method: GET, Route: list]
in SYSTEMPATH/Database/BaseConnection.php on line 692.
 1 SYSTEMPATH/Database/BaseBuilder.php(1649): CodeIgniter\Database\BaseConnection->query()
 2 SYSTEMPATH/Model.php(286): CodeIgniter\Database\BaseBuilder->get()
 3 SYSTEMPATH/BaseModel.php(675): CodeIgniter\Model->doFindAll()
 4 APPPATH/Views/employee.php(9): CodeIgniter\BaseModel->findAll()
 5 SYSTEMPATH/View/View.php(224): include('/www/wwwroot/078637.unisza.work/ci4Lab2/app/Views/employee.php')
 6 SYSTEMPATH/View/View.php(227): CodeIgniter\View\View->CodeIgniter\View\{closure}()
 7 SYSTEMPATH/Common.php(1173): CodeIgniter\View\View->render()
 8 APPPATH/Config/Routes.php(10): view()
 9 SYSTEMPATH/CodeIgniter.php(875): CodeIgniter\Router\RouteCollection->{closure}()
10 SYSTEMPATH/CodeIgniter.php(494): CodeIgniter\CodeIgniter->startController()
11 SYSTEMPATH/CodeIgniter.php(354): CodeIgniter\CodeIgniter->handleRequest()
12 SYSTEMPATH/Boot.php(334): CodeIgniter\CodeIgniter->run()
13 SYSTEMPATH/Boot.php(67): CodeIgniter\Boot::runCodeIgniter()
14 FCPATH/index.php(56): CodeIgniter\Boot::bootWeb()
CRITICAL - 2025-05-25 07:27:03 --> [Caused by] CodeIgniter\Database\Exceptions\DatabaseException: Table '078637.Office' doesn't exist
in SYSTEMPATH/Database/MySQLi/Connection.php on line 332.
 1 SYSTEMPATH/Database/BaseConnection.php(738): CodeIgniter\Database\MySQLi\Connection->execute()
 2 SYSTEMPATH/Database/BaseConnection.php(652): CodeIgniter\Database\BaseConnection->simpleQuery()
 3 SYSTEMPATH/Database/BaseBuilder.php(1649): CodeIgniter\Database\BaseConnection->query()
 4 SYSTEMPATH/Model.php(286): CodeIgniter\Database\BaseBuilder->get()
 5 SYSTEMPATH/BaseModel.php(675): CodeIgniter\Model->doFindAll()
 6 APPPATH/Views/employee.php(9): CodeIgniter\BaseModel->findAll()
 7 SYSTEMPATH/View/View.php(224): include('/www/wwwroot/078637.unisza.work/ci4Lab2/app/Views/employee.php')
 8 SYSTEMPATH/View/View.php(227): CodeIgniter\View\View->CodeIgniter\View\{closure}()
 9 SYSTEMPATH/Common.php(1173): CodeIgniter\View\View->render()
10 APPPATH/Config/Routes.php(10): view()
11 SYSTEMPATH/CodeIgniter.php(875): CodeIgniter\Router\RouteCollection->{closure}()
12 SYSTEMPATH/CodeIgniter.php(494): CodeIgniter\CodeIgniter->startController()
13 SYSTEMPATH/CodeIgniter.php(354): CodeIgniter\CodeIgniter->handleRequest()
14 SYSTEMPATH/Boot.php(334): CodeIgniter\CodeIgniter->run()
15 SYSTEMPATH/Boot.php(67): CodeIgniter\Boot::runCodeIgniter()
16 FCPATH/index.php(56): CodeIgniter\Boot::bootWeb()
CRITICAL - 2025-05-25 07:27:03 --> [Caused by] mysqli_sql_exception: Table '078637.Office' doesn't exist
in SYSTEMPATH/Database/MySQLi/Connection.php on line 327.
 1 SYSTEMPATH/Database/MySQLi/Connection.php(327): mysqli->query()
 2 SYSTEMPATH/Database/BaseConnection.php(738): CodeIgniter\Database\MySQLi\Connection->execute()
 3 SYSTEMPATH/Database/BaseConnection.php(652): CodeIgniter\Database\BaseConnection->simpleQuery()
 4 SYSTEMPATH/Database/BaseBuilder.php(1649): CodeIgniter\Database\BaseConnection->query()
 5 SYSTEMPATH/Model.php(286): CodeIgniter\Database\BaseBuilder->get()
 6 SYSTEMPATH/BaseModel.php(675): CodeIgniter\Model->doFindAll()
 7 APPPATH/Views/employee.php(9): CodeIgniter\BaseModel->findAll()
 8 SYSTEMPATH/View/View.php(224): include('/www/wwwroot/078637.unisza.work/ci4Lab2/app/Views/employee.php')
 9 SYSTEMPATH/View/View.php(227): CodeIgniter\View\View->CodeIgniter\View\{closure}()
10 SYSTEMPATH/Common.php(1173): CodeIgniter\View\View->render()
11 APPPATH/Config/Routes.php(10): view()
12 SYSTEMPATH/CodeIgniter.php(875): CodeIgniter\Router\RouteCollection->{closure}()
13 SYSTEMPATH/CodeIgniter.php(494): CodeIgniter\CodeIgniter->startController()
14 SYSTEMPATH/CodeIgniter.php(354): CodeIgniter\CodeIgniter->handleRequest()
15 SYSTEMPATH/Boot.php(334): CodeIgniter\CodeIgniter->run()
16 SYSTEMPATH/Boot.php(67): CodeIgniter\Boot::runCodeIgniter()
17 FCPATH/index.php(56): CodeIgniter\Boot::bootWeb()
CRITICAL - 2025-05-25 08:39:41 --> ParseError: Unterminated comment starting line 47
[Method: POST, Route: login]
in APPPATH/Controllers/Auth.php on line 47.
 1 SYSTEMPATH/Autoloader/Autoloader.php(295): CodeIgniter\Autoloader\Autoloader->includeFile()
 2 SYSTEMPATH/Autoloader/Autoloader.php(271): CodeIgniter\Autoloader\Autoloader->loadInNamespace()
 3 [internal function]: CodeIgniter\Autoloader\Autoloader->loadClass()
 4 SYSTEMPATH/CodeIgniter.php(885): class_exists()
 5 SYSTEMPATH/CodeIgniter.php(494): CodeIgniter\CodeIgniter->startController()
 6 SYSTEMPATH/CodeIgniter.php(354): CodeIgniter\CodeIgniter->handleRequest()
 7 SYSTEMPATH/Boot.php(334): CodeIgniter\CodeIgniter->run()
 8 SYSTEMPATH/Boot.php(67): CodeIgniter\Boot::runCodeIgniter()
 9 FCPATH/index.php(56): CodeIgniter\Boot::bootWeb()
